
Initial statistics: 44 variables; iteration 0; function evaluation 0; phase 1
Function value 7.7074918e+02; maximum gradient component mag -4.3760e+03
Var    Value     Gradient |Var    Value     Gradient |Var    Value     Gradient
  1 -0.19663 -4.37604e+03 |  2 -0.65760  1.32658e+01 |  3 -0.85735 -1.32175e+02
  4 -0.85735 -1.53825e+02 |  5 -0.85735 -1.69284e+02 |  6 -0.85735 -1.42031e+02
  7 -0.85735 -1.45024e+02 |  8 -0.85735 -1.59710e+02 |  9 -0.85735 -1.81249e+02
 10 -0.85735 -1.87333e+02 | 11 -0.85735 -1.87963e+02 | 12 -0.85735 -1.44842e+02
 13 -0.85735 -1.30228e+02 | 14 -0.85735 -1.17513e+02 | 15 -0.85735 -1.31371e+02
 16 -0.85735 -1.29383e+02 | 17 -0.85735 -1.26807e+02 | 18 -0.85735 -1.25203e+02
 19 -0.85735 -1.27793e+02 | 20 -0.85735 -1.40152e+02 | 21 -0.85735 -1.42922e+02
 22 -0.85735 -1.35984e+02 | 23 -0.85735 -1.28031e+02 | 24 -0.85735 -1.45182e+02
 25 -0.85735 -1.34457e+02 | 26 -0.85735 -1.41002e+02 | 27 -0.85735 -1.24616e+02
 28 -0.85735 -1.62883e+02 | 29 -0.85735 -1.36995e+02 | 30 -0.85735 -1.40553e+02
 31 -0.85735 -1.12932e+02 | 32 -0.85735 -1.47610e+02 | 33 -0.85735 -1.06267e+02
 34 -0.85735 -1.36807e+02 | 35 -0.85735 -1.19694e+02 | 36 -0.85735 -1.15202e+02
 37 -0.85735 -6.06828e+01 | 38 -0.85735 -8.12167e+01 | 39 -0.85735 -8.56798e+01
 40 -0.85735 -4.95497e+01 | 41 -0.85735 -6.35428e+01 | 42 -0.85735 -7.66355e+01
 43 -0.05231  1.52274e+02 | 44 -0.10681  1.91845e+03 |

Intermediate statistics: 44 variables; iteration 20; function evaluation 32; phase 1
Function value 2.9703150e+02; maximum gradient component mag -7.0252e+02
Var    Value     Gradient |Var    Value     Gradient |Var    Value     Gradient
  1 -0.18391 -7.02520e+02 |  2 -0.66196  4.82377e-01 |  3 -0.61336 -2.14327e+01
  4 -0.67124 -2.98846e+01 |  5 -0.64007 -3.62088e+01 |  6 -0.66236 -9.05982e+00
  7 -0.70670 -1.22904e+01 |  8 -0.74815 -2.58191e+01 |  9 -0.74285 -2.84890e+01
 10 -0.85033 -1.20436e+02 | 11  0.00122  3.14027e+01 | 12 -0.68898 -2.84344e+01
 13 -0.68683 -1.45686e+01 | 14 -0.72540 -1.91680e+01 | 15 -0.70753 -1.94348e+01
 16 -0.73853 -2.91741e+01 | 17 -0.75263 -2.91970e+01 | 18 -0.72916 -7.12439e+00
 19 -0.77262 -3.51709e+01 | 20 -0.72172 -2.65636e+01 | 21 -0.73350 -2.88385e+01
 22 -0.74703 -2.81645e+01 | 23 -0.75153 -2.47822e+01 | 24 -0.71771 -2.84309e+01
 25 -0.73017 -2.24782e+01 | 26 -0.72104 -2.81878e+01 | 27 -0.72753 -1.84101e+01
 28 -0.64569 -3.87516e+01 | 29 -0.71877 -3.54632e+01 | 30 -0.71659 -4.04572e+01
 31 -0.69315 -1.65339e+01 | 32 -0.74228 -5.01334e+01 | 33 -0.67156 -2.53165e+00
 34 -0.73143 -3.29256e+01 | 35 -0.72804 -1.76175e+01 | 36 -0.77583 -3.80493e+01
 37 -0.74350  2.43721e+01 | 38 -0.76891  4.04017e+00 | 39 -0.80086 -2.28691e+01
 40 -0.75004  4.19606e+01 | 41 -0.78250  1.14120e+01 | 42 -0.77636  1.76178e+00
 43 -0.05364  2.33593e+01 | 44 -0.14017 -1.21201e+02 |
44 variables; iteration 40; function evaluation 62; phase 1
Function value 2.3701263e+02; maximum gradient component mag -2.3505e+01
Var    Value     Gradient |Var    Value     Gradient |Var    Value     Gradient
  1 -0.18629 -2.35051e+01 |  2 -0.66163 -2.38758e+00 |  3 -0.45091  5.50224e+00
  4 -0.56197 -2.62555e+00 |  5 -0.35343  1.26371e+00 |  6 -0.56287  1.15751e-01
  7 -0.63904 -5.20228e+00 |  8 -0.62792 -1.85466e+00 |  9 -0.55970  3.74664e+00
 10 -0.65309 -1.37177e+01 | 11 -0.33061  1.60577e+00 | 12 -0.56777  1.88834e+00
 13 -0.61939  8.21429e+00 | 14 -0.68488 -1.42810e+00 | 15 -0.63871  7.16957e+00
 16 -0.66486  5.33950e+00 | 17 -0.68218  8.30213e+00 | 18 -0.70899  2.39092e+00
 19 -0.71033  7.24759e+00 | 20 -0.66019  1.14677e+01 | 21 -0.68366  4.41481e+00
 22 -0.68916  8.06725e+00 | 23 -0.70105  6.32347e+00 | 24 -0.65188  4.34619e+00
 25 -0.70682 -7.37136e+00 | 26 -0.69035 -8.97193e+00 | 27 -0.70625 -3.94492e+00
 28 -0.46948  3.62322e+00 | 29 -0.61812 -4.02238e+00 | 30 -0.44582  2.44328e+00
 31 -0.51276  7.13183e+00 | 32 -0.52547 -5.69959e+00 | 33 -0.68905 -1.21582e+01
 34 -0.57179 -7.88105e+00 | 35 -0.62060 -6.42328e+00 | 36 -0.65789 -1.03167e+01
 37 -0.74370 -2.03486e+00 | 38 -0.70370  1.09994e+01 | 39 -0.72760  2.65286e+00
 40 -0.79111 -6.62509e+00 | 41 -0.77306  5.57979e-01 | 42 -0.76005 -2.81800e-01
 43 -0.05377  1.25463e+01 | 44 -0.12310  4.51023e+00 |

 - final statistics:
44 variables; iteration 57; function evaluation 85
Function value 2.3357e+02; maximum gradient component mag 8.4320e+00
Exit code = 1;  converg criter 1.0000e+01
Var    Value     Gradient |Var    Value     Gradient |Var    Value     Gradient
  1 -0.18754 -6.84979e+00 |  2 -0.66089  9.55097e-02 |  3 -0.49559  9.99917e-03
  4 -0.54275  3.38854e-01 |  5 -0.36301  4.19755e-01 |  6 -0.56104  6.85477e-02
  7 -0.60656  6.63126e-02 |  8 -0.61765 -3.11789e-01 |  9 -0.59286 -3.46567e-01
 10 -0.58470  4.30408e-01 | 11 -0.36795  1.31686e-02 | 12 -0.57605 -1.63885e-01
 13 -0.64464 -4.02647e-02 | 14 -0.68400 -1.16108e-01 | 15 -0.65984 -1.53013e-01
 16 -0.67830  1.58044e-01 | 17 -0.69942  1.04533e-01 | 18 -0.71333  8.41883e-02
 19 -0.72162  9.74425e-02 | 20 -0.68089  3.20309e-01 | 21 -0.68954  2.38634e-02
 22 -0.70269  1.36176e-01 | 23 -0.71165  6.68226e-02 | 24 -0.66042  3.37474e-02
 25 -0.68900 -1.38864e-01 | 26 -0.66332 -2.00329e-01 | 27 -0.69207 -2.37520e-01
 28 -0.49662  2.06316e-01 | 29 -0.59099  1.05987e-01 | 30 -0.49217  3.25482e-02
 31 -0.60902 -7.11742e-01 | 32 -0.43805  4.46232e-01 | 33 -0.64321 -8.46368e-01
 34 -0.50322 -3.56349e-02 | 35 -0.56954 -1.27531e-01 | 36 -0.59281 -4.62697e-01
 37 -0.72096 -5.15081e-01 | 38 -0.71327 -1.79834e-01 | 39 -0.71760 -3.01245e-01
 40 -0.77206 -2.52544e-01 | 41 -0.76457 -4.30339e-01 | 42 -0.75093 -3.13630e-01
 43 -0.05388  8.43202e+00 | 44 -0.11850 -1.58022e+00 |

 - final statistics:
44 variables; iteration 0; function evaluation 0
Function value 2.3357e+02; maximum gradient component mag 8.4320e+00
Exit code = 0;  converg criter 1.0000e+01
Var    Value     Gradient |Var    Value     Gradient |Var    Value     Gradient
  1 -0.18754 -6.84979e+00 |  2 -0.66089  9.55097e-02 |  3 -0.49559  9.99917e-03
  4 -0.54275  3.38854e-01 |  5 -0.36301  4.19755e-01 |  6 -0.56104  6.85477e-02
  7 -0.60656  6.63126e-02 |  8 -0.61765 -3.11789e-01 |  9 -0.59286 -3.46567e-01
 10 -0.58470  4.30408e-01 | 11 -0.36795  1.31686e-02 | 12 -0.57605 -1.63885e-01
 13 -0.64464 -4.02647e-02 | 14 -0.68400 -1.16108e-01 | 15 -0.65984 -1.53013e-01
 16 -0.67830  1.58044e-01 | 17 -0.69942  1.04533e-01 | 18 -0.71333  8.41883e-02
 19 -0.72162  9.74425e-02 | 20 -0.68089  3.20309e-01 | 21 -0.68954  2.38634e-02
 22 -0.70269  1.36176e-01 | 23 -0.71165  6.68226e-02 | 24 -0.66042  3.37474e-02
 25 -0.68900 -1.38864e-01 | 26 -0.66332 -2.00329e-01 | 27 -0.69207 -2.37520e-01
 28 -0.49662  2.06316e-01 | 29 -0.59099  1.05987e-01 | 30 -0.49217  3.25482e-02
 31 -0.60902 -7.11742e-01 | 32 -0.43805  4.46232e-01 | 33 -0.64321 -8.46368e-01
 34 -0.50322 -3.56349e-02 | 35 -0.56954 -1.27531e-01 | 36 -0.59281 -4.62697e-01
 37 -0.72096 -5.15081e-01 | 38 -0.71327 -1.79834e-01 | 39 -0.71760 -3.01245e-01
 40 -0.77206 -2.52544e-01 | 41 -0.76457 -4.30339e-01 | 42 -0.75093 -3.13630e-01
 43 -0.05388  8.43202e+00 | 44 -0.11850 -1.58022e+00 |

Initial statistics: 51 variables; iteration 0; function evaluation 0; phase 3
Function value 2.3357373e+02; maximum gradient component mag 2.1624e+02
Var    Value     Gradient |Var    Value     Gradient |Var    Value     Gradient
  1 -0.18754 -6.84979e+00 |  2 -0.66089  9.55097e-02 |  3 -0.49559  9.99917e-03
  4 -0.54275  3.38854e-01 |  5 -0.36301  4.19755e-01 |  6 -0.56104  6.85477e-02
  7 -0.60656  6.63126e-02 |  8 -0.61765 -3.11789e-01 |  9 -0.59286 -3.46567e-01
 10 -0.58470  4.30408e-01 | 11 -0.36795  1.31686e-02 | 12 -0.57605 -1.63885e-01
 13 -0.64464 -4.02647e-02 | 14 -0.68400 -1.16108e-01 | 15 -0.65984 -1.53013e-01
 16 -0.67830  1.58044e-01 | 17 -0.69942  1.04533e-01 | 18 -0.71333  8.41883e-02
 19 -0.72162  9.74425e-02 | 20 -0.68089  3.20309e-01 | 21 -0.68954  2.38634e-02
 22 -0.70269  1.36176e-01 | 23 -0.71165  6.68226e-02 | 24 -0.66042  3.37474e-02
 25 -0.68900 -1.38864e-01 | 26 -0.66332 -2.00329e-01 | 27 -0.69207 -2.37520e-01
 28 -0.49662  2.06316e-01 | 29 -0.59099  1.05987e-01 | 30 -0.49217  3.25482e-02
 31 -0.60902 -7.11742e-01 | 32 -0.43805  4.46232e-01 | 33 -0.64321 -8.46368e-01
 34 -0.50322 -3.56349e-02 | 35 -0.56954 -1.27531e-01 | 36 -0.59281 -4.62697e-01
 37 -0.72096 -5.15081e-01 | 38 -0.71327 -1.79834e-01 | 39 -0.71760 -3.01245e-01
 40 -0.77206 -2.52544e-01 | 41 -0.76457 -4.30339e-01 | 42 -0.75093 -3.13630e-01
 43  0.07091  1.51572e+02 | 44 -0.09692 -1.29805e+02 | 45 -0.32722 -6.49726e+01
 46 -0.05388  8.43202e+00 | 47 -0.11850 -1.58022e+00 | 48 -0.00437  8.65531e+00
 49  0.16446 -1.38301e+02 | 50 -0.07320 -9.89696e+01 | 51 -0.01566  2.16241e+02

Intermediate statistics: 51 variables; iteration 20; function evaluation 41; phase 3
Function value 2.2943720e+02; maximum gradient component mag 1.0343e+02
Var    Value     Gradient |Var    Value     Gradient |Var    Value     Gradient
  1 -0.18800 -1.45105e+01 |  2 -0.65451  5.28927e-01 |  3 -0.47941  9.31494e-01
  4 -0.52785  1.54692e+00 |  5 -0.34901  1.19053e+00 |  6 -0.55152  3.24924e-01
  7 -0.59587  8.58406e-01 |  8 -0.61005  4.56303e-01 |  9 -0.58496  6.27652e-01
 10 -0.58005  8.96802e-01 | 11 -0.34508  1.11769e+00 | 12 -0.57024 -1.35851e+00
 13 -0.63104  1.82393e+00 | 14 -0.67667  2.75414e-01 | 15 -0.64952  1.25920e+00
 16 -0.67093  5.38918e-01 | 17 -0.69373 -1.80051e-01 | 18 -0.71121 -2.34525e+00
 19 -0.71510 -4.99693e-02 | 20 -0.67494 -1.55858e+00 | 21 -0.68029 -1.57899e+00
 22 -0.68932 -9.92373e-01 | 23 -0.69410 -5.83520e-01 | 24 -0.63496 -1.59613e+00
 25 -0.67671 -4.67308e+00 | 26 -0.64304 -2.26697e+00 | 27 -0.67279 -6.20075e-01
 28 -0.44997  5.87824e-01 | 29 -0.56686  6.18563e-01 | 30 -0.50483 -1.75319e-01
 31 -0.61117  9.86138e-01 | 32 -0.47815  4.25296e-01 | 33 -0.65066  7.98000e-01
 34 -0.52684  2.64977e-01 | 35 -0.58562  6.49937e-01 | 36 -0.60730 -1.95642e-01
 37 -0.72939 -6.37153e-01 | 38 -0.72157 -6.11810e-01 | 39 -0.72452 -8.37233e-01
 40 -0.77018  3.57284e+00 | 41 -0.76484  1.12934e+00 | 42 -0.75521 -1.83340e+00
 43  0.05735  1.76638e+01 | 44 -0.10291 -1.79738e+01 | 45 -0.29364  1.35614e+01
 46 -0.06315  1.03429e+02 | 47 -0.12231 -1.28298e+01 | 48  0.00621 -5.02269e+00
 49  0.19182 -1.13546e+00 | 50 -0.06535 -3.89731e+01 | 51 -0.01028 -1.29899e+00
51 variables; iteration 40; function evaluation 68; phase 3
Function value 2.2919591e+02; maximum gradient component mag 5.2665e+01
Var    Value     Gradient |Var    Value     Gradient |Var    Value     Gradient
  1 -0.18811 -3.59079e+00 |  2 -0.65448 -6.04200e-02 |  3 -0.48285  7.74698e-02
  4 -0.53238  3.17527e-01 |  5 -0.35593 -1.57172e-02 |  6 -0.55302 -1.63813e-01
  7 -0.59809  8.30881e-02 |  8 -0.60970 -9.35532e-02 |  9 -0.58310  5.90901e-02
 10 -0.57556  8.02662e-01 | 11 -0.33805  1.00832e+00 | 12 -0.55892  1.31863e-01
 13 -0.63350 -1.04342e-01 | 14 -0.67495  3.15390e-03 | 15 -0.65040 -5.11026e-04
 16 -0.67091 -4.08345e-01 | 17 -0.69034  5.28188e-01 | 18 -0.70571 -3.41974e-01
 19 -0.71281  3.07625e-01 | 20 -0.67136 -6.79483e-01 | 21 -0.67564 -2.71273e-01
 22 -0.68420  3.79715e-01 | 23 -0.69124 -3.93546e-01 | 24 -0.62807 -5.92564e-01
 25 -0.66400 -1.15193e+00 | 26 -0.63136 -6.63600e-02 | 27 -0.66648 -1.76222e-02
 28 -0.45541 -3.41263e-01 | 29 -0.56337  6.28246e-01 | 30 -0.51173 -8.86549e-01
 31 -0.61549  5.47417e-01 | 32 -0.48337 -2.18312e-02 | 33 -0.65761 -4.82729e-01
 34 -0.52373  3.87646e-01 | 35 -0.58826  3.26121e-01 | 36 -0.60699 -9.46531e-02
 37 -0.72889 -2.78755e-01 | 38 -0.72019  6.81000e-03 | 39 -0.72300 -1.98992e-01
 40 -0.77454  3.74876e-01 | 41 -0.76602  1.45539e-01 | 42 -0.75050  7.02161e-01
 43  0.05660  3.14163e+00 | 44 -0.10243 -3.40574e+00 | 45 -0.29161  9.59655e+00
 46 -0.06356  5.26654e+01 | 47 -0.12219 -1.33963e+00 | 48  0.01182 -3.21397e+00
 49  0.19681 -8.99685e-01 | 50 -0.06102 -3.04225e+00 | 51 -0.00852  1.09883e+00

 - final statistics:
51 variables; iteration 59; function evaluation 96
Function value 2.2917e+02; maximum gradient component mag 7.0506e-01
Exit code = 1;  converg criter 1.0000e+00
Var    Value     Gradient |Var    Value     Gradient |Var    Value     Gradient
  1 -0.18804  4.43773e-03 |  2 -0.65407  1.15312e-03 |  3 -0.48331  3.35275e-03
  4 -0.53448  3.18722e-03 |  5 -0.35420  6.31855e-04 |  6 -0.55079  3.92980e-04
  7 -0.59783  7.53751e-03 |  8 -0.60808 -2.89327e-02 |  9 -0.58096  2.65232e-02
 10 -0.57721 -5.00283e-03 | 11 -0.34230 -6.84627e-03 | 12 -0.55833  3.55695e-03
 13 -0.63304  1.48248e-03 | 14 -0.67491  1.85999e-03 | 15 -0.65028  3.63510e-04
 16 -0.66984  3.01196e-03 | 17 -0.69128 -1.30895e-03 | 18 -0.70495  2.17777e-03
 19 -0.71320 -7.62190e-04 | 20 -0.66953  2.48589e-03 | 21 -0.67463  2.48312e-03
 22 -0.68454 -2.09538e-03 | 23 -0.68967  1.31316e-03 | 24 -0.62487  5.07542e-03
 25 -0.65976  4.39251e-03 | 26 -0.63022  6.34175e-04 | 27 -0.66564 -9.88041e-04
 28 -0.45173 -2.80351e-03 | 29 -0.56731 -6.54634e-04 | 30 -0.50231  4.69710e-03
 31 -0.61921  1.67620e-02 | 32 -0.48341  1.27815e-02 | 33 -0.65551  2.50795e-03
 34 -0.52879  2.30026e-03 | 35 -0.59123 -3.35078e-02 | 36 -0.60742  4.08433e-03
 37 -0.72912 -1.08647e-03 | 38 -0.72104 -1.55396e-03 | 39 -0.72342  1.62125e-03
 40 -0.77567 -2.25112e-03 | 41 -0.76687 -1.30341e-03 | 42 -0.75239 -3.09024e-03
 43  0.05657  1.00883e-03 | 44 -0.10220  7.05017e-03 | 45 -0.29152  1.61849e-01
 46 -0.06359  7.05055e-01 | 47 -0.12230  1.28594e-02 | 48  0.01248 -9.04474e-05
 49  0.19848  8.15026e-03 | 50 -0.06043  1.78312e-02 | 51 -0.00800 -1.88542e-02

 - final statistics:
51 variables; iteration 0; function evaluation 0
Function value 2.2917e+02; maximum gradient component mag 7.0506e-01
Exit code = 0;  converg criter 1.0000e+00
Var    Value     Gradient |Var    Value     Gradient |Var    Value     Gradient
  1 -0.18804  4.43773e-03 |  2 -0.65407  1.15312e-03 |  3 -0.48331  3.35275e-03
  4 -0.53448  3.18722e-03 |  5 -0.35420  6.31855e-04 |  6 -0.55079  3.92980e-04
  7 -0.59783  7.53751e-03 |  8 -0.60808 -2.89327e-02 |  9 -0.58096  2.65232e-02
 10 -0.57721 -5.00283e-03 | 11 -0.34230 -6.84627e-03 | 12 -0.55833  3.55695e-03
 13 -0.63304  1.48248e-03 | 14 -0.67491  1.85999e-03 | 15 -0.65028  3.63510e-04
 16 -0.66984  3.01196e-03 | 17 -0.69128 -1.30895e-03 | 18 -0.70495  2.17777e-03
 19 -0.71320 -7.62190e-04 | 20 -0.66953  2.48589e-03 | 21 -0.67463  2.48312e-03
 22 -0.68454 -2.09538e-03 | 23 -0.68967  1.31316e-03 | 24 -0.62487  5.07542e-03
 25 -0.65976  4.39251e-03 | 26 -0.63022  6.34175e-04 | 27 -0.66564 -9.88041e-04
 28 -0.45173 -2.80351e-03 | 29 -0.56731 -6.54634e-04 | 30 -0.50231  4.69710e-03
 31 -0.61921  1.67620e-02 | 32 -0.48341  1.27815e-02 | 33 -0.65551  2.50795e-03
 34 -0.52879  2.30026e-03 | 35 -0.59123 -3.35078e-02 | 36 -0.60742  4.08433e-03
 37 -0.72912 -1.08647e-03 | 38 -0.72104 -1.55396e-03 | 39 -0.72342  1.62125e-03
 40 -0.77567 -2.25112e-03 | 41 -0.76687 -1.30341e-03 | 42 -0.75239 -3.09024e-03
 43  0.05657  1.00883e-03 | 44 -0.10220  7.05017e-03 | 45 -0.29152  1.61849e-01
 46 -0.06359  7.05055e-01 | 47 -0.12230  1.28594e-02 | 48  0.01248 -9.04474e-05
 49  0.19848  8.15026e-03 | 50 -0.06043  1.78312e-02 | 51 -0.00800 -1.88542e-02

Initial statistics: 91 variables; iteration 0; function evaluation 0; phase 5
Function value 2.2917413e+02; maximum gradient component mag -1.4311e+02
Var    Value     Gradient |Var    Value     Gradient |Var    Value     Gradient
  1 -0.18804  4.43773e-03 |  2  0.00000  7.94167e+01 |  3  0.00000  3.32017e+01
  4  0.00000  1.72499e+01 |  5  0.00000 -8.05770e+00 |  6  0.00000 -1.32114e+01
  7  0.00000  2.95782e+01 |  8  0.00000 -1.00618e+02 |  9  0.00000 -1.43109e+02
 10  0.00000 -4.70184e+01 | 11  0.00000 -3.52175e+01 | 12  0.00000 -4.58924e+01
 13  0.00000 -4.62536e+01 | 14  0.00000 -5.34044e+01 | 15  0.00000 -7.40711e+01
 16  0.00000 -1.65450e+01 | 17  0.00000  2.74646e+01 | 18  0.00000  3.64473e+01
 19  0.00000  1.62710e-01 | 20  0.00000 -7.46207e+00 | 21  0.00000  3.49687e+01
 22  0.00000  2.51969e+01 | 23  0.00000  3.09816e+01 | 24  0.00000  3.62577e+01
 25  0.00000  5.14052e+01 | 26  0.00000  6.36510e+01 | 27  0.00000  3.69361e+01
 28  0.00000  3.45049e+01 | 29  0.00000  6.00818e+01 | 30  0.00000  7.34034e+01
 31  0.00000 -1.10810e+01 | 32  0.00000  2.29248e+00 | 33  0.00000  3.84970e+01
 34  0.00000 -2.38571e+01 | 35  0.00000 -5.30650e+01 | 36  0.00000 -6.65197e+01
 37  0.00000  4.38870e+01 | 38  0.00000 -1.04219e+02 | 39  0.00000  7.39928e+01
 40  0.00000  2.89431e-01 | 41  0.00000  4.74278e-02 | 42 -0.65407  1.15312e-03
 43 -0.48331  3.35275e-03 | 44 -0.53448  3.18722e-03 | 45 -0.35420  6.31855e-04
 46 -0.55079  3.92980e-04 | 47 -0.59783  7.53751e-03 | 48 -0.60808 -2.89327e-02
 49 -0.58096  2.65232e-02 | 50 -0.57721 -5.00283e-03 | 51 -0.34230 -6.84627e-03
 52 -0.55833  3.55695e-03 | 53 -0.63304  1.48248e-03 | 54 -0.67491  1.85999e-03
 55 -0.65028  3.63510e-04 | 56 -0.66984  3.01196e-03 | 57 -0.69128 -1.30895e-03
 58 -0.70495  2.17777e-03 | 59 -0.71320 -7.62190e-04 | 60 -0.66953  2.48589e-03
 61 -0.67463  2.48312e-03 | 62 -0.68454 -2.09538e-03 | 63 -0.68967  1.31316e-03
 64 -0.62487  5.07542e-03 | 65 -0.65976  4.39251e-03 | 66 -0.63022  6.34175e-04
 67 -0.66564 -9.88041e-04 | 68 -0.45173 -2.80351e-03 | 69 -0.56731 -6.54634e-04
 70 -0.50231  4.69710e-03 | 71 -0.61921  1.67620e-02 | 72 -0.48341  1.27815e-02
 73 -0.65551  2.50795e-03 | 74 -0.52879  2.30026e-03 | 75 -0.59123 -3.35078e-02
 76 -0.60742  4.08433e-03 | 77 -0.72912 -1.08647e-03 | 78 -0.72104 -1.55396e-03
 79 -0.72342  1.62125e-03 | 80 -0.77567 -2.25112e-03 | 81 -0.76687 -1.30341e-03
 82 -0.75239 -3.09024e-03 | 83  0.05657  1.00883e-03 | 84 -0.10220  7.05017e-03
 85 -0.29152  1.61849e-01 | 86 -0.06359  7.05055e-01 | 87 -0.12230  1.28594e-02
 88  0.01248 -9.04474e-05 | 89  0.19848  8.15026e-03 | 90 -0.06043  1.78312e-02
 91 -0.00800 -1.88542e-02 |

Intermediate statistics: 91 variables; iteration 20; function evaluation 25; phase 5
Function value 1.7226229e+02; maximum gradient component mag 1.6078e+03
Var    Value     Gradient |Var    Value     Gradient |Var    Value     Gradient
  1 -0.19163  2.01630e+02 |  2 -0.09549  1.11623e+01 |  3  0.00452  6.09308e+00
  4 -0.00633  6.16196e+00 |  5  0.01430  1.07155e+00 |  6  0.06363 -2.61553e+00
  7 -0.04439  2.26217e+00 |  8  0.08751 -4.26430e+00 |  9  0.16463 -7.30759e+00
 10 -0.05552 -7.15807e+00 | 11  0.08091  1.37791e+00 | 12  0.08024 -6.58405e-01
 13  0.05850 -7.58712e+00 | 14 -0.06474 -1.23799e+01 | 15  0.15333 -2.17974e+01
 16 -0.06314 -6.00523e+00 | 17 -0.01115  6.09934e+00 | 18 -0.02182  9.35114e+00
 19  0.02388  7.70693e+00 | 20  0.04048  9.93975e+00 | 21 -0.06843  1.02201e+01
 22 -0.00207  1.19696e+01 | 23 -0.03960  7.55390e+00 | 24 -0.03330  8.68864e+00
 25 -0.06279  1.21354e+01 | 26 -0.08970  1.35813e+01 | 27 -0.02931  8.29184e+00
 28 -0.03566  5.87377e+00 | 29 -0.07417  5.89308e+00 | 30 -0.04897  9.29076e-01
 31  0.00589  7.85283e+00 | 32 -0.02178  2.94469e+00 | 33 -0.03197 -1.53045e+01
 34 -0.01678  1.60706e+01 | 35  0.02772  4.45967e+00 | 36  0.03199 -2.88331e+00
 37 -0.07440  6.95911e+00 | 38  0.07056 -2.45117e+01 | 39 -0.09425  8.05422e+00
 40 -0.00271 -4.15665e-02 | 41 -0.00050  1.46817e-03 | 42 -0.68530 -5.57221e+00
 43 -0.48839  1.35122e+00 | 44 -0.53358  1.29944e+00 | 45 -0.40182  3.25178e-01
 46 -0.58326  4.40819e-01 | 47 -0.62099  6.34949e-01 | 48 -0.63598 -3.03651e-02
 49 -0.62091 -3.95854e-01 | 50 -0.62234  3.69093e-01 | 51 -0.58121 -7.07952e+00
 52 -0.63800 -1.56189e+00 | 53 -0.67237 -7.08214e-01 | 54 -0.71502 -8.09250e-01
 55 -0.67103 -4.83520e-01 | 56 -0.69340 -8.02453e-01 | 57 -0.71515 -8.97911e-01
 58 -0.72040  1.88958e-02 | 59 -0.72139  6.37370e-01 | 60 -0.63906  2.78023e+00
 61 -0.65925  1.96533e+00 | 62 -0.68403  1.11082e+00 | 63 -0.69253  5.71885e-01
 64 -0.63000 -8.19518e-02 | 65 -0.66355 -2.95386e-01 | 66 -0.63011 -9.19533e-01
 67 -0.66144 -3.58350e-01 | 68 -0.47294 -3.84278e+00 | 69 -0.55463 -1.34106e+00
 70 -0.49822 -3.13451e+00 | 71 -0.53475  5.64091e-01 | 72 -0.49637 -5.98444e+00
 73 -0.58738 -8.20883e-01 | 74 -0.52062 -5.19700e+00 | 75 -0.49469 -2.48257e+00
 76 -0.50721 -2.34375e+00 | 77 -0.66281 -7.28647e-01 | 78 -0.64757 -1.53094e+00
 79 -0.64135 -1.87304e+00 | 80 -0.71667  4.46755e-01 | 81 -0.71166  2.97829e+00
 82 -0.69801  6.37586e+00 | 83  0.07380  8.89843e+01 | 84 -0.09751 -8.20550e+01
 85 -0.32517  2.20265e+02 | 86 -0.04594  1.60782e+03 | 87 -0.09639  1.13807e+02
 88 -0.00576 -6.07326e+01 | 89  0.16186  2.05311e+01 | 90 -0.07233  8.21482e+01
 91 -0.01952 -5.07217e+01 |
91 variables; iteration 40; function evaluation 45; phase 5
Function value 1.6968378e+02; maximum gradient component mag 3.5918e+02
Var    Value     Gradient |Var    Value     Gradient |Var    Value     Gradient
  1 -0.19377  8.13518e+01 |  2 -0.11452  4.52334e+00 |  3  0.01446  4.56948e+00
  4 -0.01892  5.70376e-01 |  5  0.01805  4.62757e-01 |  6  0.06343  1.93704e+00
  7 -0.04051  3.14000e+00 |  8  0.08348 -8.96690e+00 |  9  0.16704 -9.93860e+00
 10 -0.05017 -5.68995e+00 | 11  0.10020  4.41770e+00 | 12  0.05182 -2.25583e+00
 13  0.08146 -4.24053e-01 | 14 -0.02800 -4.60877e+00 | 15  0.15994 -4.47864e+00
 16 -0.02936  4.26085e-01 | 17 -0.02147  3.67827e+00 | 18 -0.02491  6.92585e+00
 19  0.04282  1.20950e+01 | 20  0.04058  9.05960e+00 | 21 -0.07453  3.83167e+00
 22 -0.01185 -2.43486e+00 | 23 -0.04070 -1.52440e+00 | 24 -0.03766  2.95216e-03
 25 -0.06655  6.03900e+00 | 26 -0.10605  5.98611e+00 | 27 -0.02602  4.77628e+00
 28 -0.02765  3.92571e+00 | 29 -0.07260  5.19424e+00 | 30 -0.04536  2.82488e+00
 31  0.00862  3.70305e+00 | 32 -0.03549 -2.96979e+00 | 33 -0.01455  8.36643e+00
 34 -0.03574 -3.74847e+00 | 35  0.03172 -3.10026e+00 | 36  0.02941 -4.14900e+00
 37 -0.08690  3.93325e+00 | 38  0.06863 -1.91481e+01 | 39 -0.11426  4.06216e+00
 40 -0.00119  1.48095e-01 | 41 -0.00023  3.59362e-02 | 42 -0.67226 -2.79689e-01
 43 -0.46527  2.27993e+00 | 44 -0.49297  4.56186e+00 | 45 -0.44666 -4.31225e+00
 46 -0.57414  3.36596e-01 | 47 -0.60966  1.47387e+00 | 48 -0.62506  1.16660e+00
 49 -0.61396 -1.22782e-01 | 50 -0.61441  4.25479e-01 | 51 -0.54851 -3.29593e+00
 52 -0.62503 -7.23516e-01 | 53 -0.65788  1.65866e+00 | 54 -0.70691  2.47218e-01
 55 -0.66398  7.52758e-01 | 56 -0.69032 -1.09475e+00 | 57 -0.71004 -5.24674e-01
 58 -0.71606  3.98035e-01 | 59 -0.71691  9.15375e-01 | 60 -0.63284  1.94703e+00
 61 -0.65573  8.56800e-01 | 62 -0.68382 -4.67145e-01 | 63 -0.68977  1.93615e-01
 64 -0.62951 -1.53432e+00 | 65 -0.66397 -1.70811e+00 | 66 -0.62943 -1.33282e+00
 67 -0.66405 -9.92087e-01 | 68 -0.45565 -9.92885e-02 | 69 -0.55666 -3.26528e-01
 70 -0.49582 -6.29013e-01 | 71 -0.56771 -2.36173e+00 | 72 -0.46998 -2.37266e-01
 73 -0.59768 -6.83846e-01 | 74 -0.52031 -2.85715e+00 | 75 -0.50938 -1.76805e+00
 76 -0.51430 -4.87297e-01 | 77 -0.66488 -2.68587e-01 | 78 -0.65140 -7.05557e-01
 79 -0.63939  4.09307e-01 | 80 -0.71996 -4.92094e-01 | 81 -0.71736  4.60405e-01
 82 -0.70514  1.80136e+00 | 83  0.07275  2.36564e+01 | 84 -0.09599 -1.90301e+01
 85 -0.34464  5.36366e+01 | 86 -0.04406  3.59181e+02 | 87 -0.09998  4.01430e+01
 88 -0.00166  1.31070e+01 | 89  0.17195  3.45605e+00 | 90 -0.07213 -2.97025e+01
 91 -0.01106  1.78706e+01 |
91 variables; iteration 60; function evaluation 72; phase 5
Function value 1.6850048e+02; maximum gradient component mag 2.0850e+02
Var    Value     Gradient |Var    Value     Gradient |Var    Value     Gradient
  1 -0.19477  6.36412e-03 |  2 -0.12382  2.55291e-01 |  3  0.01502  1.76191e+00
  4 -0.01349  8.21840e-01 |  5  0.01716 -1.75784e-01 |  6  0.06957  9.18444e-01
  7 -0.04797  1.24545e+00 |  8  0.09100 -2.99184e+00 |  9  0.16691 -3.20983e+00
 10 -0.01415 -1.46076e+00 | 11  0.07825 -1.44209e-01 | 12  0.07915 -6.37853e-01
 13  0.06440  3.25004e-01 | 14  0.00530  6.35082e-01 | 15  0.16030  3.68008e-02
 16 -0.03463 -1.00240e+00 | 17 -0.02257  4.98206e-01 | 18 -0.03137  5.22480e-01
 19  0.03652  4.59064e-01 | 20  0.03569 -7.68880e-01 | 21 -0.08728  1.55846e-01
 22 -0.00637  5.52905e-01 | 23 -0.04322  4.41764e-01 | 24 -0.03690  1.26559e-01
 25 -0.07363  1.45185e+00 | 26 -0.11592  5.97507e-01 | 27 -0.02667  9.36535e-02
 28 -0.02239  1.22399e+00 | 29 -0.07830  1.71522e+00 | 30 -0.03633  2.83181e+00
 31  0.00922 -2.53364e-01 | 32 -0.03001 -2.93221e-01 | 33 -0.01443  1.78004e+00
 34 -0.03322 -1.80690e+00 | 35  0.04007 -7.72083e-01 | 36  0.03578 -1.12418e+00
 37 -0.09143  5.85894e-01 | 38  0.07920 -2.29676e+00 | 39 -0.11927  1.38620e+00
 40 -0.00229  4.42851e-03 | 41 -0.00048 -1.04848e-03 | 42 -0.67695  1.02773e+00
 43 -0.49531 -6.71344e-01 | 44 -0.53093  3.37155e-01 | 45 -0.40646 -2.55940e-01
 46 -0.57783  2.07767e-01 | 47 -0.61993 -3.88547e-01 | 48 -0.63212  1.77743e-02
 49 -0.61486  3.52936e-01 | 50 -0.61953  3.15682e-01 | 51 -0.54067 -8.15815e-01
 52 -0.62784 -9.08381e-01 | 53 -0.66296 -1.40803e-01 | 54 -0.70808 -1.45724e-01
 55 -0.66776 -6.81077e-01 | 56 -0.68772 -1.52172e-01 | 57 -0.70804  1.04130e-01
 58 -0.71612 -2.11739e-01 | 59 -0.71741 -9.17771e-02 | 60 -0.63666 -6.25738e-01
 61 -0.65520 -1.49063e-01 | 62 -0.67911  6.34316e-01 | 63 -0.68983  2.14345e-01
 64 -0.62661  4.17164e-02 | 65 -0.65814  9.04639e-01 | 66 -0.62566  4.94771e-01
 67 -0.65779  6.52409e-01 | 68 -0.46451  2.06570e-01 | 69 -0.55783 -1.50996e-01
 70 -0.48248  1.65115e+00 | 71 -0.54627  1.06353e+00 | 72 -0.48169 -1.61171e-01
 73 -0.60033 -8.26213e-03 | 74 -0.50838  3.22253e-01 | 75 -0.50540 -3.27839e-01
 76 -0.52081 -2.00979e-01 | 77 -0.66913 -6.35336e-01 | 78 -0.65531 -2.97551e-01
 79 -0.65077 -8.49593e-01 | 80 -0.72282  8.28421e-01 | 81 -0.72465  1.28080e-01
 82 -0.71758 -4.67333e-01 | 83  0.07321 -2.36414e-01 | 84 -0.09585  3.44207e-01
 85 -0.35106  3.03610e+01 | 86 -0.04347  2.08498e+02 | 87 -0.10085  4.34760e+00
 88 -0.00193  1.70834e+01 | 89  0.16524 -6.18655e+00 | 90 -0.07206 -2.48676e+01
 91 -0.01506  1.23109e+01 |
91 variables; iteration 80; function evaluation 104; phase 5
Function value 1.6835501e+02; maximum gradient component mag 6.7510e+01
Var    Value     Gradient |Var    Value     Gradient |Var    Value     Gradient
  1 -0.19448  2.66907e+00 |  2 -0.12514 -3.95876e-01 |  3  0.01284 -3.80153e-01
  4 -0.01566 -4.18080e-01 |  5  0.01915 -4.14295e-02 |  6  0.07099 -2.96353e-01
  7 -0.05396 -4.44309e-01 |  8  0.09443  9.28593e-01 |  9  0.16605  1.29668e+00
 10 -0.00545  1.85554e-01 | 11  0.07367  1.83431e-01 | 12  0.08387  3.21994e-01
 13  0.06238  3.41697e-01 | 14  0.00332  1.30886e-01 | 15  0.15919 -1.90478e-02
 16 -0.02740  3.01089e-01 | 17 -0.02592  5.53021e-02 | 18 -0.03226  1.27515e-01
 19  0.03391  4.19162e-01 | 20  0.03752  2.95884e-01 | 21 -0.08925 -8.10480e-02
 22 -0.00856 -3.77350e-01 | 23 -0.04400 -1.39249e-01 | 24 -0.03690 -7.12489e-01
 25 -0.07803 -4.53116e-01 | 26 -0.11750 -2.28223e-01 | 27 -0.02601 -3.29158e-01
 28 -0.02378 -4.58106e-01 | 29 -0.08003 -7.16974e-01 | 30 -0.03769 -8.16803e-01
 31  0.01063  2.61876e-01 | 32 -0.03405 -1.44634e-01 | 33 -0.01503 -7.72050e-01
 34 -0.03786  5.48354e-01 | 35  0.04394  3.90279e-01 | 36  0.03507  6.61525e-01
 37 -0.09680 -1.82343e-01 | 38  0.07962  2.87668e-01 | 39 -0.12928 -5.52597e-01
 40 -0.00213  2.30229e-02 | 41 -0.00042  6.68187e-03 | 42 -0.67888 -1.45023e-01
 43 -0.49049  1.15432e-01 | 44 -0.53370  9.28587e-02 | 45 -0.40519  1.06318e-02
 46 -0.58053  8.05497e-02 | 47 -0.61929  9.70265e-02 | 48 -0.63397 -8.65351e-02
 49 -0.61859  3.31914e-02 | 50 -0.62357  2.29066e-01 | 51 -0.53837  5.98121e-01
 52 -0.62548  3.21232e-01 | 53 -0.66415 -2.87626e-01 | 54 -0.70892 -2.26779e-01
 55 -0.66596  3.78952e-02 | 56 -0.68811 -1.82294e-01 | 57 -0.71044 -7.82648e-01
 58 -0.71701 -4.05338e-01 | 59 -0.71810 -2.86182e-01 | 60 -0.63398  7.26964e-02
 61 -0.65483 -1.27913e-01 | 62 -0.67941  4.44252e-01 | 63 -0.69044 -1.54747e-01
 64 -0.62561  1.48427e-01 | 65 -0.66142 -3.84158e-01 | 66 -0.62588  1.57221e-01
 67 -0.66036 -3.43313e-01 | 68 -0.46513 -2.82321e-01 | 69 -0.55645 -1.09141e-01
 70 -0.49637 -4.43430e-02 | 71 -0.55616 -3.47784e-01 | 72 -0.47977  9.14555e-02
 73 -0.60187 -1.46020e-02 | 74 -0.51396 -1.06819e-01 | 75 -0.50625 -3.12967e-01
 76 -0.52061  1.78952e-01 | 77 -0.66722  2.42579e-01 | 78 -0.65415  3.06068e-01
 79 -0.64822 -3.71641e-02 | 80 -0.72701 -1.04322e+00 | 81 -0.72395  6.99727e-01
 82 -0.71689 -5.79740e-02 | 83  0.07250  2.17799e-01 | 84 -0.09636 -1.53081e-01
 85 -0.36373  7.35622e+00 | 86 -0.04246  6.75103e+01 | 87 -0.10053 -8.30276e-02
 88 -0.00186 -7.30841e+00 | 89  0.16384  3.46896e+00 | 90 -0.07155  9.87359e+00
 91 -0.01609 -6.24820e+00 |
91 variables; iteration 100; function evaluation 136; phase 5
Function value 1.6831920e+02; maximum gradient component mag 1.2721e+01
Var    Value     Gradient |Var    Value     Gradient |Var    Value     Gradient
  1 -0.19467 -2.15391e-01 |  2 -0.12376 -2.73834e-02 |  3  0.01294  4.78173e-02
  4 -0.01478 -1.43826e-02 |  5  0.01885  3.70876e-02 |  6  0.07039 -4.90583e-02
  7 -0.05207  1.76551e-02 |  8  0.09374 -2.24720e-01 |  9  0.16614 -1.49802e-01
 10 -0.00624 -1.13816e-01 | 11  0.07384 -8.46441e-02 | 12  0.08407  1.76643e-02
 13  0.06209 -1.33514e-02 | 14  0.00260 -7.27072e-02 | 15  0.15973 -4.21931e-02
 16 -0.02827  1.49746e-01 | 17 -0.02523  1.04960e-01 | 18 -0.03185 -7.75491e-03
 19  0.03334 -2.17925e-01 | 20  0.03823  1.01862e-01 | 21 -0.08921 -5.28024e-02
 22 -0.00741 -5.11222e-02 | 23 -0.04493 -1.03406e-01 | 24 -0.03515  1.12767e-01
 25 -0.07759  7.00731e-02 | 26 -0.11774 -1.09656e-01 | 27 -0.02471  1.82846e-01
 28 -0.02381 -2.68037e-03 | 29 -0.07834  1.00155e-01 | 30 -0.03681  1.27777e-01
 31  0.01081 -4.60791e-02 | 32 -0.03395 -1.08827e-01 | 33 -0.01441  3.34913e-02
 34 -0.03825 -1.09103e-01 | 35  0.04420 -1.03947e-01 | 36  0.03508 -7.15129e-02
 37 -0.09622  2.26989e-02 | 38  0.07967 -6.36540e-02 | 39 -0.12801  1.43149e-01
 40 -0.00253 -2.67393e-02 | 41 -0.00049 -2.50322e-03 | 42 -0.67895  5.59524e-02
 43 -0.49156 -4.49626e-02 | 44 -0.53379  4.33022e-02 | 45 -0.40472  1.32056e-03
 46 -0.58017  3.10260e-02 | 47 -0.61983 -1.75458e-01 | 48 -0.63267  3.28337e-02
 49 -0.61742  4.14294e-02 | 50 -0.62287  2.27885e-02 | 51 -0.53986 -6.95887e-02
 52 -0.62552  2.16714e-02 | 53 -0.66253  6.84769e-02 | 54 -0.70795  6.39735e-03
 55 -0.66600 -9.32112e-02 | 56 -0.68741 -1.69736e-02 | 57 -0.70834  6.59271e-02
 58 -0.71584  5.29310e-03 | 59 -0.71729 -6.67541e-03 | 60 -0.63419  1.18607e-01
 61 -0.65477 -3.77485e-02 | 62 -0.68080 -1.95062e-02 | 63 -0.69021  1.97857e-02
 64 -0.62650  6.21078e-02 | 65 -0.66036  1.04598e-01 | 66 -0.62713  2.53174e-03
 67 -0.65973 -1.65641e-03 | 68 -0.46390  2.53554e-02 | 69 -0.55702 -1.63895e-01
 70 -0.49616 -2.98163e-02 | 71 -0.55343  4.26442e-02 | 72 -0.48055 -3.26291e-02
 73 -0.60048  2.32008e-01 | 74 -0.51177  1.16419e-01 | 75 -0.50361 -3.53305e-02
 76 -0.52174 -3.12246e-02 | 77 -0.66767  2.07065e-03 | 78 -0.65526 -1.26843e-01
 79 -0.64810 -1.08943e-01 | 80 -0.72440  7.82369e-02 | 81 -0.72535 -5.48820e-02
 82 -0.71642  1.86070e-02 | 83  0.07272  1.37718e-01 | 84 -0.09623 -1.17000e-01
 85 -0.36429  1.11115e+00 | 86 -0.04326  1.27206e+01 | 87 -0.10038  7.80259e-01
 88 -0.00175  8.32521e-02 | 89  0.16407 -4.47399e-01 | 90 -0.07160  6.38889e-02
 91 -0.01582  9.59084e-01 |
91 variables; iteration 120; function evaluation 180; phase 5
Function value 1.6689956e+02; maximum gradient component mag -3.0575e-02
Var    Value     Gradient |Var    Value     Gradient |Var    Value     Gradient
  1 -0.19427 -3.05747e-02 |  2 -0.12419  1.51350e-03 |  3  0.01205  1.01586e-03
  4 -0.01502 -5.67036e-05 |  5  0.01810  1.20915e-03 |  6  0.07000  2.22837e-04
  7 -0.05277 -6.41688e-05 |  8  0.09339 -4.74086e-03 |  9  0.16544 -2.58491e-03
 10 -0.00611  2.21646e-05 | 11  0.07334 -2.38126e-03 | 12  0.08321 -7.93690e-04
 13  0.06144 -1.06750e-03 | 14  0.00261 -1.16437e-03 | 15  0.15908  1.71413e-04
 16 -0.02927 -5.98929e-04 | 17 -0.02595 -2.13670e-04 | 18 -0.03249 -3.72973e-04
 19  0.03342 -1.15543e-03 | 20  0.03730 -1.61564e-03 | 21 -0.08903  1.14222e-04
 22 -0.00771  1.98417e-04 | 23 -0.04451  3.92364e-04 | 24 -0.03524  7.04579e-04
 25 -0.07672 -1.19172e-03 | 26 -0.11609  1.20171e-04 | 27 -0.02549 -2.96972e-04
 28 -0.02032  1.75292e-03 | 29 -0.06394  2.10035e-03 | 30 -0.04005  4.67259e-03
 31  0.00852 -1.12072e-03 | 32 -0.02635 -1.44504e-03 | 33 -0.02285 -1.01662e-03
 34 -0.02806 -3.40705e-03 | 35  0.04591 -1.11524e-03 | 36  0.03261 -2.06766e-03
 37 -0.08791 -8.08953e-04 | 38  0.07171 -3.54838e-03 | 39 -0.12229  2.43277e-04
 40 -0.00229 -9.68909e-04 | 41 -0.00046 -1.18440e-03 | 42 -0.67783  3.09688e-04
 43 -0.49095  3.17261e-06 | 44 -0.53409 -9.67803e-04 | 45 -0.40391  4.71999e-04
 46 -0.58062  3.27688e-04 | 47 -0.61929 -3.44821e-04 | 48 -0.63305 -5.10646e-04
 49 -0.61787 -8.97762e-04 | 50 -0.62325 -1.21593e-03 | 51 -0.53964 -6.57941e-04
 52 -0.62585 -2.36963e-04 | 53 -0.66293 -5.43252e-04 | 54 -0.70815 -3.29642e-04
 55 -0.66586 -2.64895e-05 | 56 -0.68750 -1.01558e-04 | 57 -0.70860 -1.40621e-03
 58 -0.71598 -7.52518e-04 | 59 -0.71739 -5.23715e-04 | 60 -0.63461  5.45708e-04
 61 -0.65476 -2.77024e-04 | 62 -0.68089  9.43199e-04 | 63 -0.69042 -1.85242e-04
 64 -0.62688  1.22127e-03 | 65 -0.66097 -4.77607e-04 | 66 -0.62756  5.95138e-04
 67 -0.66031 -1.04798e-06 | 68 -0.46542 -2.76455e-04 | 69 -0.55807  4.30460e-04
 70 -0.50010 -5.54583e-04 | 71 -0.55937  9.18104e-04 | 72 -0.48793 -8.73087e-05
 73 -0.61011 -1.13537e-04 | 74 -0.52469 -3.60754e-04 | 75 -0.52056 -3.72135e-04
 76 -0.54092 -1.27897e-03 | 77 -0.67710  2.16971e-04 | 78 -0.66577  4.52141e-04
 79 -0.66027  5.70629e-04 | 80 -0.73332 -1.91388e-03 | 81 -0.73307  1.08656e-04
 82 -0.72204 -1.31064e-03 | 83  0.07107  2.27304e-03 | 84 -0.09693 -2.41480e-03
 85 -0.34156  3.74610e-03 | 86 -0.05076  2.98211e-02 | 87 -0.10611 -9.51948e-03
 88 -0.00182  1.78915e-02 | 89  0.16409 -3.87761e-03 | 90 -0.07164 -1.83066e-02
 91 -0.01587  3.43280e-03 |

 - final statistics:
91 variables; iteration 125; function evaluation 185
Function value 1.6690e+02; maximum gradient component mag 3.9349e-05
Exit code = 1;  converg criter 1.0000e-04
Var    Value     Gradient |Var    Value     Gradient |Var    Value     Gradient
  1 -0.19427  2.49120e-05 |  2 -0.12419 -2.73072e-06 |  3  0.01205 -8.27049e-07
  4 -0.01502 -3.73228e-07 |  5  0.01810 -4.99849e-07 |  6  0.07001 -1.55367e-06
  7 -0.05278  8.03928e-07 |  8  0.09339  6.18271e-07 |  9  0.16544  1.89048e-06
 10 -0.00612  1.85108e-07 | 11  0.07335  3.02164e-06 | 12  0.08320  2.01555e-06
 13  0.06144  1.70130e-06 | 14  0.00261  7.96746e-07 | 15  0.15907  3.14070e-07
 16 -0.02927  1.14873e-06 | 17 -0.02595 -1.61046e-07 | 18 -0.03249  6.10339e-07
 19  0.03342 -1.56877e-06 | 20  0.03730  2.36824e-06 | 21 -0.08903 -1.31802e-06
 22 -0.00770 -5.87162e-07 | 23 -0.04451 -3.08178e-06 | 24 -0.03524  9.09813e-07
 25 -0.07671  1.62681e-07 | 26 -0.11610 -3.05689e-07 | 27 -0.02549 -6.39685e-07
 28 -0.02032  3.84550e-06 | 29 -0.06394  7.00252e-07 | 30 -0.04005  5.30948e-06
 31  0.00852  4.90781e-06 | 32 -0.02634 -1.00667e-06 | 33 -0.02285 -8.55690e-06
 34 -0.02806 -1.01382e-06 | 35  0.04591  7.22742e-06 | 36  0.03262  4.64773e-06
 37 -0.08791  7.13950e-07 | 38  0.07171 -1.20159e-05 | 39 -0.12229  7.71052e-07
 40 -0.00228 -2.52654e-06 | 41 -0.00045  5.18618e-06 | 42 -0.67783  9.01392e-07
 43 -0.49095 -7.04376e-07 | 44 -0.53408  3.92578e-06 | 45 -0.40392  1.90581e-07
 46 -0.58062 -1.01522e-06 | 47 -0.61929  5.92910e-07 | 48 -0.63305  7.74463e-07
 49 -0.61787 -2.94869e-07 | 50 -0.62325  5.61443e-07 | 51 -0.53965 -6.93400e-07
 52 -0.62586 -7.53867e-07 | 53 -0.66293  6.74672e-07 | 54 -0.70815  1.49764e-08
 55 -0.66586 -1.27350e-06 | 56 -0.68750 -2.74141e-07 | 57 -0.70860  1.14580e-06
 58 -0.71598  3.14688e-07 | 59 -0.71739  1.72420e-07 | 60 -0.63462  4.47850e-07
 61 -0.65476 -6.91713e-07 | 62 -0.68089 -1.34469e-06 | 63 -0.69042 -8.98365e-08
 64 -0.62688  8.33562e-07 | 65 -0.66097  1.61865e-07 | 66 -0.62756 -1.73500e-07
 67 -0.66031  2.11483e-07 | 68 -0.46541  3.52303e-07 | 69 -0.55808  1.61379e-06
 70 -0.50009  3.78951e-07 | 71 -0.55938 -1.58461e-06 | 72 -0.48793 -1.31370e-07
 73 -0.61011 -9.65900e-07 | 74 -0.52469  2.05917e-06 | 75 -0.52055 -5.74889e-07
 76 -0.54091  6.93409e-07 | 77 -0.67710 -3.76593e-07 | 78 -0.66577 -1.97704e-06
 79 -0.66027 -1.10686e-06 | 80 -0.73332  2.73846e-07 | 81 -0.73307 -1.78172e-06
 82 -0.72204 -4.03980e-07 | 83  0.07107  1.00574e-05 | 84 -0.09693 -7.78918e-06
 85 -0.34155  7.13651e-06 | 86 -0.05076  3.93489e-05 | 87 -0.10611  6.27374e-06
 88 -0.00182 -2.05646e-05 | 89  0.16409  3.21699e-06 | 90 -0.07164  2.43431e-05
 91 -0.01587 -7.86888e-07 |
size of file gradfil1.tmp = 0
size of file gradfil2.tmp = 0
size of file varssave.tmp = 0
size of file cmpdiff.tmp = 0
