
Initial statistics: 28 variables; iteration 0; function evaluation 0; phase 1
Function value 2.0367850e+02; maximum gradient component mag -1.6025e+03
Var    Value     Gradient |Var    Value     Gradient |Var    Value     Gradient
  1 -0.27236 -3.88668e+02 |  2  0.00000  1.45342e+02 |  3  0.00000 -1.93911e+00
  4  0.00000  2.29606e+01 |  5  0.00000 -2.29323e+01 |  6  0.00000  7.30996e+00
  7  0.00000 -6.96631e+01 |  8  0.00000  1.76919e+02 |  9  0.00000  1.01699e+02
 10  0.00000  1.51571e+02 | 11  0.00000  1.69525e+01 | 12  0.00000  1.84710e-02
 13 -0.57696  7.82742e+01 | 14 -0.85735 -1.27008e+02 | 15 -0.85735 -9.60100e+01
 16 -0.85735 -9.34915e+01 | 17 -0.85735 -5.29995e+01 | 18 -0.85735 -5.50580e+01
 19 -0.85735 -1.66791e+01 | 20 -0.85735  2.19601e+00 | 21 -0.85735 -4.12268e+00
 22 -0.85735 -5.28497e+00 | 23 -0.85735  6.13922e+01 | 24 -0.85735  4.92954e+01
 25 -0.02865 -1.60249e+03 | 26 -0.16295 -2.21432e+02 | 27 -0.04974 -1.69540e+02
 28 -0.12552 -1.03692e+02 |

Intermediate statistics: 28 variables; iteration 20; function evaluation 27; phase 1
Function value 1.5122810e+02; maximum gradient component mag -1.5509e+02
Var    Value     Gradient |Var    Value     Gradient |Var    Value     Gradient
  1 -0.26376 -8.00358e+01 |  2 -0.08714  4.16833e+01 |  3 -0.00998  2.33016e+01
  4 -0.07708 -3.63434e+01 |  5 -0.04457 -2.38842e+01 |  6 -0.07950 -6.51982e+00
  7 -0.04196 -4.60851e+01 |  8 -0.09413  4.82795e+01 |  9 -0.07531  2.50652e+01
 10 -0.12793  3.04127e+01 | 11 -0.02952  1.45287e+01 | 12 -0.00062 -3.56119e-02
 13 -0.68240  1.07260e+01 | 14 -0.72514 -5.74643e+00 | 15 -0.81865 -2.62753e+01
 16 -0.81382 -2.32504e+01 | 17 -0.84309 -2.26960e+01 | 18 -0.83024 -1.26149e+01
 19 -0.85613 -1.87151e+01 | 20 -0.85556 -4.24553e+00 | 21 -0.84618 -3.59870e-01
 22 -0.84040  3.03643e+00 | 23 -0.86801  1.49863e+01 | 24 -0.86375  7.46731e+00
 25 -0.02875 -1.55085e+02 | 26 -0.16828  2.09193e+01 | 27 -0.05052 -1.00434e+02
 28 -0.13454 -3.80103e+01 |

 - final statistics:
28 variables; iteration 36; function evaluation 49
Function value 1.4628e+02; maximum gradient component mag -6.9238e+00
Exit code = 1;  converg criter 1.0000e+01
Var    Value     Gradient |Var    Value     Gradient |Var    Value     Gradient
  1 -0.27211 -6.92379e+00 |  2 -0.12234  6.04696e-01 |  3 -0.03357  6.74450e-02
  4 -0.08172  8.81756e-02 |  5 -0.05818 -4.09440e-01 |  6 -0.10826 -9.55074e-01
  7 -0.04214 -7.79242e-01 |  8 -0.13069  5.67583e-01 |  9 -0.09402  4.05499e-01
 10 -0.16530  2.34500e-01 | 11 -0.06534  9.49215e-02 | 12 -0.00093 -4.99288e-02
 13 -0.55284  2.05962e+00 | 14 -0.59260 -1.21280e+00 | 15 -0.72487 -6.15674e-02
 16 -0.73734  3.68395e-02 | 17 -0.78685  2.47474e-02 | 18 -0.77827 -3.07906e-01
 19 -0.80975 -5.65079e-01 | 20 -0.82035 -7.18658e-01 | 21 -0.81237 -2.70551e-01
 22 -0.80848 -4.18000e-01 | 23 -0.84837 -3.87624e-01 | 24 -0.84006 -7.15976e-01
 25 -0.02858  9.95718e-01 | 26 -0.16222 -1.35642e+00 | 27 -0.04946 -2.46658e+00
 28 -0.12527 -4.35116e-01 |

 - final statistics:
28 variables; iteration 0; function evaluation 0
Function value 1.4628e+02; maximum gradient component mag -6.9238e+00
Exit code = 0;  converg criter 1.0000e+01
Var    Value     Gradient |Var    Value     Gradient |Var    Value     Gradient
  1 -0.27211 -6.92379e+00 |  2 -0.12234  6.04696e-01 |  3 -0.03357  6.74450e-02
  4 -0.08172  8.81756e-02 |  5 -0.05818 -4.09440e-01 |  6 -0.10826 -9.55074e-01
  7 -0.04214 -7.79242e-01 |  8 -0.13069  5.67583e-01 |  9 -0.09402  4.05499e-01
 10 -0.16530  2.34500e-01 | 11 -0.06534  9.49215e-02 | 12 -0.00093 -4.99288e-02
 13 -0.55284  2.05962e+00 | 14 -0.59260 -1.21280e+00 | 15 -0.72487 -6.15674e-02
 16 -0.73734  3.68395e-02 | 17 -0.78685  2.47474e-02 | 18 -0.77827 -3.07906e-01
 19 -0.80975 -5.65079e-01 | 20 -0.82035 -7.18658e-01 | 21 -0.81237 -2.70551e-01
 22 -0.80848 -4.18000e-01 | 23 -0.84837 -3.87624e-01 | 24 -0.84006 -7.15976e-01
 25 -0.02858  9.95718e-01 | 26 -0.16222 -1.35642e+00 | 27 -0.04946 -2.46658e+00
 28 -0.12527 -4.35116e-01 |

Initial statistics: 32 variables; iteration 0; function evaluation 0; phase 3
Function value 1.4628397e+02; maximum gradient component mag -6.9238e+00
Var    Value     Gradient |Var    Value     Gradient |Var    Value     Gradient
  1 -0.27211 -6.92379e+00 |  2 -0.12234  6.04696e-01 |  3 -0.03357  6.74450e-02
  4 -0.08172  8.81756e-02 |  5 -0.05818 -4.09440e-01 |  6 -0.10826 -9.55074e-01
  7 -0.04214 -7.79242e-01 |  8 -0.13069  5.67583e-01 |  9 -0.09402  4.05499e-01
 10 -0.16530  2.34500e-01 | 11 -0.06534  9.49215e-02 | 12 -0.00093 -4.99288e-02
 13 -0.55284  2.05962e+00 | 14 -0.59260 -1.21280e+00 | 15 -0.72487 -6.15674e-02
 16 -0.73734  3.68395e-02 | 17 -0.78685  2.47474e-02 | 18 -0.77827 -3.07906e-01
 19 -0.80975 -5.65079e-01 | 20 -0.82035 -7.18658e-01 | 21 -0.81237 -2.70551e-01
 22 -0.80848 -4.18000e-01 | 23 -0.84837 -3.87624e-01 | 24 -0.84006 -7.15976e-01
 25 -0.07409  4.51102e-01 | 26 -0.37578  7.87223e-02 | 27 -0.59547 -2.58235e+00
 28 -0.02858  9.95718e-01 | 29 -0.16222 -1.35642e+00 | 30 -0.26232  8.76724e-01
 31 -0.04946 -2.46658e+00 | 32 -0.12527 -4.35116e-01 |

Intermediate statistics: 32 variables; iteration 20; function evaluation 24; phase 3
Function value 1.4626048e+02; maximum gradient component mag 4.2313e+00
Var    Value     Gradient |Var    Value     Gradient |Var    Value     Gradient
  1 -0.27396  2.58416e+00 |  2 -0.12158  7.87915e-01 |  3 -0.03249  1.56005e+00
  4 -0.08174 -1.56804e+00 |  5 -0.05805 -1.55839e+00 |  6 -0.10797 -1.05443e+00
  7 -0.04163  1.19851e+00 |  8 -0.12992  1.76154e+00 |  9 -0.09417 -7.79210e-01
 10 -0.16520 -4.13020e-01 | 11 -0.06472 -1.33274e-01 | 12 -0.00077 -2.98166e-02
 13 -0.58062  2.35821e-01 | 14 -0.59855 -3.71617e-01 | 15 -0.72753  7.24918e-02
 16 -0.73770  4.73214e-02 | 17 -0.78705 -6.93729e-01 | 18 -0.77624  1.14277e-01
 19 -0.80718  5.01793e-01 | 20 -0.81809 -6.26694e-02 | 21 -0.80986  2.58472e-01
 22 -0.80590 -2.17776e-01 | 23 -0.84567  6.58718e-01 | 24 -0.83710  1.78282e-01
 25 -0.07447  1.48189e-02 | 26 -0.38013 -2.87720e-03 | 27 -0.59473 -1.93966e-01
 28 -0.02865  1.72604e-01 | 29 -0.16259 -5.27490e-01 | 30 -0.26157  4.23130e+00
 31 -0.04954 -1.05668e+00 | 32 -0.12520  1.66853e-01 |
32 variables; iteration 40; function evaluation 52; phase 3
Function value 1.4625370e+02; maximum gradient component mag -3.0396e-01
Var    Value     Gradient |Var    Value     Gradient |Var    Value     Gradient
  1 -0.27462 -5.90875e-02 |  2 -0.12142  1.10448e-03 |  3 -0.03295  4.58844e-03
  4 -0.08102  1.11259e-02 |  5 -0.05748  6.15787e-03 |  6 -0.10720  3.87546e-03
  7 -0.04163 -8.14216e-03 |  8 -0.13047  6.46218e-03 |  9 -0.09383  1.06285e-02
 10 -0.16547  4.02101e-03 | 11 -0.06448  1.55272e-03 | 12 -0.00056 -3.49262e-03
 13 -0.58427  7.72385e-03 | 14 -0.59699  4.40921e-03 | 15 -0.72726 -4.55374e-04
 16 -0.73716  6.46868e-03 | 17 -0.78551  2.68907e-03 | 18 -0.77552  5.01732e-03
 19 -0.80679  3.91611e-05 | 20 -0.81709  3.15412e-03 | 21 -0.80919 -4.22775e-03
 22 -0.80485 -2.59228e-03 | 23 -0.84536 -4.07229e-03 | 24 -0.83639  4.97879e-04
 25 -0.07448 -3.03955e-01 | 26 -0.38214  5.37125e-03 | 27 -0.59457 -4.02460e-02
 28 -0.02866 -2.82365e-01 | 29 -0.16251 -5.29105e-02 | 30 -0.26276 -1.54293e-02
 31 -0.04926 -2.77057e-02 | 32 -0.12500  2.39010e-02 |

 - final statistics:
32 variables; iteration 57; function evaluation 72
Function value 1.4625e+02; maximum gradient component mag 3.2852e-05
Exit code = 1;  converg criter 1.0000e-04
Var    Value     Gradient |Var    Value     Gradient |Var    Value     Gradient
  1 -0.27461  8.60261e-06 |  2 -0.12142 -4.64082e-07 |  3 -0.03295 -6.94888e-08
  4 -0.08102 -1.05317e-06 |  5 -0.05748  1.78082e-07 |  6 -0.10721  2.56682e-07
  7 -0.04163  3.17174e-06 |  8 -0.13047 -5.58570e-07 |  9 -0.09383 -1.45574e-06
 10 -0.16547 -6.94511e-07 | 11 -0.06448 -2.64474e-07 | 12 -0.00054  5.91884e-07
 13 -0.58433 -6.57169e-07 | 14 -0.59706 -6.25586e-07 | 15 -0.72728  4.98447e-07
 16 -0.73719 -5.81146e-07 | 17 -0.78552  1.99002e-07 | 18 -0.77554 -1.71154e-07
 19 -0.80680  5.20616e-07 | 20 -0.81711 -3.93748e-08 | 21 -0.80920  1.28175e-06
 22 -0.80486  9.05917e-07 | 23 -0.84536  9.18695e-07 | 24 -0.83640  9.74083e-08
 25 -0.07408  4.19768e-07 | 26 -0.37715  4.17878e-07 | 27 -0.59457  6.11489e-06
 28 -0.02866  3.28518e-05 | 29 -0.16251  4.08814e-06 | 30 -0.26276  2.09712e-06
 31 -0.04926  4.12605e-06 | 32 -0.12501 -8.29391e-06 |
Estimating row 1 out of 32 for hessian
Estimating row 2 out of 32 for hessian
Estimating row 3 out of 32 for hessian
Estimating row 4 out of 32 for hessian
Estimating row 5 out of 32 for hessian
Estimating row 6 out of 32 for hessian
Estimating row 7 out of 32 for hessian
Estimating row 8 out of 32 for hessian
Estimating row 9 out of 32 for hessian
Estimating row 10 out of 32 for hessian
Estimating row 11 out of 32 for hessian
Estimating row 12 out of 32 for hessian
Estimating row 13 out of 32 for hessian
Estimating row 14 out of 32 for hessian
Estimating row 15 out of 32 for hessian
Estimating row 16 out of 32 for hessian
Estimating row 17 out of 32 for hessian
Estimating row 18 out of 32 for hessian
Estimating row 19 out of 32 for hessian
Estimating row 20 out of 32 for hessian
Estimating row 21 out of 32 for hessian
Estimating row 22 out of 32 for hessian
Estimating row 23 out of 32 for hessian
Estimating row 24 out of 32 for hessian
Estimating row 25 out of 32 for hessian
Estimating row 26 out of 32 for hessian
Estimating row 27 out of 32 for hessian
Estimating row 28 out of 32 for hessian
Estimating row 29 out of 32 for hessian
Estimating row 30 out of 32 for hessian
Estimating row 31 out of 32 for hessian
Estimating row 32 out of 32 for hessian
size of file gradfil1.tmp = 0
size of file gradfil2.tmp = 0
size of file varssave.tmp = 0
size of file cmpdiff.tmp = 0
