
Initial statistics: 28 variables; iteration 0; function evaluation 0; phase 1
Function value 1.7847859e+02; maximum gradient component mag -1.6040e+03
Var    Value     Gradient |Var    Value     Gradient |Var    Value     Gradient
  1 -0.27236 -8.92317e+00 |  2  0.00000  1.61354e+02 |  3  0.00000 -6.88686e+00
  4  0.00000  1.12730e+01 |  5  0.00000 -2.85850e+01 |  6  0.00000  3.84791e+00
  7  0.00000 -6.76941e+01 |  8  0.00000  1.74801e+02 |  9  0.00000  8.33139e+01
 10  0.00000  1.36192e+02 | 11  0.00000  1.51233e+01 | 12  0.00000  1.83183e-02
 13 -0.57696  8.76171e+00 | 14 -0.85735 -8.64170e-01 | 15 -0.85735  3.50768e+00
 16 -0.85735  5.13801e+00 | 17 -0.85735  6.19096e+00 | 18 -0.85735  3.62474e+00
 19 -0.85735  6.71204e+00 | 20 -0.85735  6.68949e+00 | 21 -0.85735  1.03609e+01
 22 -0.85735  1.14595e+01 | 23 -0.85735  1.14452e+01 | 24 -0.85735  3.75685e+00
 25 -0.02865 -1.60401e+03 | 26 -0.16295 -2.24169e+02 | 27 -0.04974 -1.59314e+02
 28 -0.12552 -1.06095e+02 |

Intermediate statistics: 28 variables; iteration 20; function evaluation 25; phase 1
Function value 1.5083279e+02; maximum gradient component mag -3.0474e+02
Var    Value     Gradient |Var    Value     Gradient |Var    Value     Gradient
  1 -0.19663  7.21618e+00 |  2 -0.09212  6.30128e+01 |  3 -0.03801  1.27210e+01
  4 -0.09328 -4.03071e+01 |  5 -0.06573 -2.94215e+01 |  6 -0.12695 -6.33734e+01
  7 -0.07691 -9.27483e+01 |  8 -0.10968  9.26042e+01 |  9 -0.08589  5.01262e+01
 10 -0.15858  1.78364e+01 | 11 -0.04293  1.28324e+01 | 12 -0.00023  2.65767e-02
 13 -0.07463  5.66704e-01 | 14 -0.67903  1.50470e-01 | 15 -0.87378 -1.17262e+00
 16 -0.87880 -8.17809e-01 | 17 -0.88748 -7.10315e-01 | 18 -0.74165 -2.45184e-02
 19 -0.87435  1.50225e+00 | 20 -0.86116  3.45513e+00 | 21 -0.89044  4.46772e+00
 22 -0.88391  6.52022e+00 | 23 -0.94083 -1.34324e+00 | 24 -0.90851  1.56039e+00
 25 -0.02897 -3.04743e+02 | 26 -0.16889 -5.61242e+01 | 27 -0.05015 -5.69514e+01
 28 -0.13561 -2.14155e+01 |

 - final statistics:
28 variables; iteration 31; function evaluation 39
Function value 1.4577e+02; maximum gradient component mag 9.5502e+00
Exit code = 1;  converg criter 1.0000e+01
Var    Value     Gradient |Var    Value     Gradient |Var    Value     Gradient
  1 -0.21440  8.98131e-01 |  2 -0.12843  9.55025e+00 |  3 -0.03070  3.27800e+00
  4 -0.07880 -9.23284e-01 |  5 -0.06341 -4.92874e+00 |  6 -0.10833 -3.93144e+00
  7 -0.04476 -4.04029e+00 |  8 -0.12758  6.51432e+00 |  9 -0.08714 -1.63846e-01
 10 -0.15904 -3.78905e-01 | 11 -0.06230 -4.76240e-01 | 12 -0.00634 -7.45272e-01
 13  0.02977  3.07205e-01 | 14 -0.49470  4.42723e-01 | 15 -0.83700 -1.77329e-01
 16 -0.86951 -6.77900e-02 | 17 -0.84729  1.43250e+00 | 18 -0.76044 -1.05527e+00
 19 -0.88161 -7.46235e-01 | 20 -0.84857  6.06378e-01 | 21 -0.89925 -9.60023e-02
 22 -0.90469  4.44892e-01 | 23 -0.92470  1.14772e-01 | 24 -0.91076  8.74673e-03
 25 -0.02847 -3.14139e+00 | 26 -0.16303  4.92785e+00 | 27 -0.05037  2.84345e+00
 28 -0.13089  4.71967e+00 |

Initial statistics: 29 variables; iteration 0; function evaluation 0; phase 2
Function value 1.4577175e+02; maximum gradient component mag -6.5657e+01
Var    Value     Gradient |Var    Value     Gradient |Var    Value     Gradient
  1 -0.62799 -6.56574e+01 |  2 -0.21440  8.98131e-01 |  3 -0.12843  9.55025e+00
  4 -0.03070  3.27800e+00 |  5 -0.07880 -9.23284e-01 |  6 -0.06341 -4.92874e+00
  7 -0.10833 -3.93144e+00 |  8 -0.04476 -4.04029e+00 |  9 -0.12758  6.51432e+00
 10 -0.08714 -1.63846e-01 | 11 -0.15904 -3.78905e-01 | 12 -0.06230 -4.76240e-01
 13 -0.00634 -7.45272e-01 | 14  0.02977  3.07205e-01 | 15 -0.49470  4.42723e-01
 16 -0.83700 -1.77329e-01 | 17 -0.86951 -6.77900e-02 | 18 -0.84729  1.43250e+00
 19 -0.76044 -1.05527e+00 | 20 -0.88161 -7.46235e-01 | 21 -0.84857  6.06378e-01
 22 -0.89925 -9.60023e-02 | 23 -0.90469  4.44892e-01 | 24 -0.92470  1.14772e-01
 25 -0.91076  8.74673e-03 | 26 -0.02847 -3.14139e+00 | 27 -0.16303  4.92785e+00
 28 -0.05037  2.84345e+00 | 29 -0.13089  4.71967e+00 |

Intermediate statistics: 29 variables; iteration 20; function evaluation 25; phase 2
Function value 1.4502676e+02; maximum gradient component mag -3.5855e+02
Var    Value     Gradient |Var    Value     Gradient |Var    Value     Gradient
  1 -0.61737 -3.58548e+02 |  2 -0.24659  1.04912e+00 |  3 -0.14446  2.42877e+00
  4 -0.01895 -1.37365e+00 |  5 -0.07764 -9.81352e-01 |  6 -0.04901  5.99164e+00
  7 -0.12368  5.39660e+00 |  8 -0.02297  2.92473e+01 |  9 -0.11673  1.31301e+01
 10 -0.09278 -3.02326e+00 | 11 -0.14350 -4.36949e-01 | 12 -0.07084  1.33897e+00
 13  0.01706  2.22274e+00 | 14  0.06322  1.14720e-01 | 15 -0.34852 -4.54857e-01
 16 -0.70737  2.47069e+00 | 17 -0.84417  2.87189e+00 | 18 -0.91173 -1.94203e+00
 19 -0.43450  8.45460e+00 | 20 -0.76142  6.45469e+00 | 21 -0.81519  3.13653e+00
 22 -0.84877  3.45987e+00 | 23 -0.88331  7.23638e-01 | 24 -0.90456  7.25864e-01
 25 -0.89015 -3.55346e-02 | 26 -0.02776 -1.85676e+02 | 27 -0.16007 -8.55764e+01
 28 -0.04838  2.49255e+01 | 29 -0.12980 -5.04487e+01 |
29 variables; iteration 40; function evaluation 47; phase 2
Function value 1.3497924e+02; maximum gradient component mag -7.4112e+01
Var    Value     Gradient |Var    Value     Gradient |Var    Value     Gradient
  1 -0.57610 -1.50308e+01 |  2 -0.31445 -2.34391e+00 |  3 -0.21801 -4.75736e+00
  4 -0.05323  1.25353e+01 |  5 -0.15217 -2.62689e+00 |  6 -0.05233  1.00905e+01
  7 -0.15669 -1.79157e+00 |  8 -0.04240 -9.02560e-02 |  9 -0.10971 -1.40322e+00
 10 -0.14274 -2.98348e+00 | 11 -0.14961  1.19786e+00 | 12 -0.15310 -3.68489e+00
 13  0.00332  7.07858e-01 | 14  1.46606  8.80814e-03 | 15  1.84842 -1.23262e-01
 16  1.02736 -4.13442e-02 | 17 -0.79984  1.95453e-01 | 18 -1.28545 -2.74685e+00
 19 -0.33487  2.40185e-01 | 20 -0.78031  2.07712e-01 | 21 -0.42377 -4.22401e-01
 22 -0.38675  6.16904e-01 | 23 -0.63042 -4.39201e-01 | 24 -0.85169 -4.51427e-01
 25 -0.80434  6.43426e-02 | 26 -0.02429 -7.41117e+01 | 27 -0.14290 -1.37062e+01
 28 -0.04837  4.37571e+00 | 29 -0.11064  3.42050e+00 |

 - final statistics:
29 variables; iteration 47; function evaluation 54
Function value 1.3458e+02; maximum gradient component mag -5.9182e+00
Exit code = 1;  converg criter 1.0000e+01
Var    Value     Gradient |Var    Value     Gradient |Var    Value     Gradient
  1 -0.57559  3.17798e+00 |  2 -0.30231  9.56054e-02 |  3 -0.21129 -4.91109e-01
  4 -0.05481 -4.62841e-02 |  5 -0.14802 -8.28087e-01 |  6 -0.05429 -9.74268e-02
  7 -0.15363 -3.58402e-01 |  8 -0.04315 -1.39883e-01 |  9 -0.10334  3.39957e-01
 10 -0.13771  4.18859e-01 | 11 -0.14650  4.32372e-01 | 12 -0.14519  6.26426e-01
 13 -0.00194  3.07780e-02 | 14  0.93475 -2.78861e-03 | 15  1.78135 -1.96756e-02
 16  1.30650 -9.57445e-02 | 17 -0.76225  3.22891e-02 | 18 -1.18747  2.29341e-01
 19 -0.32637 -2.50280e-02 | 20 -0.80223  4.62017e-03 | 21 -0.25431 -1.93798e-02
 22 -0.59115  2.12040e-01 | 23 -0.59848 -1.20794e-01 | 24 -0.85016  1.35267e-01
 25 -0.82155  8.19528e-02 | 26 -0.02437  3.40303e+00 | 27 -0.14220  8.67050e-01
 28 -0.04887 -5.91820e+00 | 29 -0.11360 -2.80189e+00 |

Initial statistics: 34 variables; iteration 0; function evaluation 0; phase 3
Function value 1.3458058e+02; maximum gradient component mag -2.3184e+02
Var    Value     Gradient |Var    Value     Gradient |Var    Value     Gradient
  1 -0.57559  3.17798e+00 |  2 -0.56037 -1.22939e+02 |  3 -0.30231  9.56054e-02
  4 -0.21129 -4.91109e-01 |  5 -0.05481 -4.62841e-02 |  6 -0.14802 -8.28087e-01
  7 -0.05429 -9.74268e-02 |  8 -0.15363 -3.58402e-01 |  9 -0.04315 -1.39883e-01
 10 -0.10334  3.39957e-01 | 11 -0.13771  4.18859e-01 | 12 -0.14650  4.32372e-01
 13 -0.14519  6.26426e-01 | 14 -0.00194  3.07780e-02 | 15  0.93475 -2.78861e-03
 16  0.21865  1.96756e-02 | 17  0.69350  9.57445e-02 | 18 -0.76225  3.22891e-02
 19 -0.81253 -2.29341e-01 | 20 -0.32637 -2.50280e-02 | 21 -0.80223  4.62017e-03
 22 -0.25431 -1.93798e-02 | 23 -0.59115  2.12040e-01 | 24 -0.59848 -1.20794e-01
 25 -0.85016  1.35267e-01 | 26 -0.82155  8.19528e-02 | 27 -0.07409  2.67711e+01
 28 -0.37578  4.67319e+00 | 29 -0.59547 -2.31838e+02 | 30 -0.02437  3.40303e+00
 31 -0.14220  8.67050e-01 | 32 -0.26232 -3.68505e+01 | 33 -0.04887 -5.91820e+00
 34 -0.11360 -2.80189e+00 |

Intermediate statistics: 34 variables; iteration 20; function evaluation 26; phase 3
Function value 1.2026599e+02; maximum gradient component mag -1.5853e+02
Var    Value     Gradient |Var    Value     Gradient |Var    Value     Gradient
  1 -0.59947 -1.52794e+02 |  2 -0.51207 -1.25185e+02 |  3 -0.29228  8.42239e+00
  4 -0.20398  7.23685e+00 |  5 -0.03135 -1.58249e+00 |  6 -0.14195  3.02323e+00
  7 -0.01371 -5.53069e+00 |  8 -0.12440  1.37663e+01 |  9 -0.00406 -5.36746e+01
 10 -0.05486  2.12897e+01 | 11 -0.07095 -5.26590e-01 | 12 -0.09058  7.42692e+00
 13 -0.05394 -4.17801e+00 | 14 -0.00091  2.08700e-02 | 15  0.93484 -3.82062e-03
 16  0.23163 -3.84156e-01 | 17  0.72922 -1.06924e+00 | 18 -0.79258 -3.01443e-01
 19 -0.80982 -7.93363e-01 | 20 -0.40500 -1.54263e+00 | 21 -0.78346 -1.25179e+00
 22 -0.31870 -1.56216e+00 | 23 -0.55877 -1.14173e+00 | 24 -0.63133  1.60304e+00
 25 -0.85096  6.78735e-01 | 26 -0.83162  9.66726e-01 | 27 -0.07386 -9.69101e+01
 28 -0.45911  1.10399e+00 | 29 -0.52180  1.12542e+02 | 30 -0.03144  1.53011e+02
 31 -0.13718  8.31466e+01 | 32 -0.24727 -4.32554e+01 | 33 -0.06072 -1.58532e+02
 34 -0.10777 -2.58405e+01 |
34 variables; iteration 40; function evaluation 50; phase 3
Function value 1.1781681e+02; maximum gradient component mag -4.8159e+00
Var    Value     Gradient |Var    Value     Gradient |Var    Value     Gradient
  1 -0.60431 -3.06326e+00 |  2 -0.49980 -9.32742e-01 |  3 -0.31162 -4.41340e-02
  4 -0.20699  1.73527e-01 |  5 -0.03601  9.87290e-02 |  6 -0.14629 -6.45311e-03
  7 -0.01070 -1.85716e-01 |  8 -0.13093  1.30981e-02 |  9  0.00908  2.06941e-01
 10 -0.06364  4.14685e-01 | 11 -0.07359  3.38940e-02 | 12 -0.09275 -6.50869e-02
 13 -0.05669  1.02927e-02 | 14 -0.00115 -2.29912e-02 | 15  0.97849 -1.70469e-03
 16  1.09353  1.74929e-02 | 17  1.00397  6.77153e-03 | 18 -0.83003 -3.55270e-04
 19 -0.79988  5.03351e-02 | 20 -0.42660  8.28210e-02 | 21 -0.72994  8.71787e-02
 22 -0.72810  3.63003e-02 | 23 -0.15054  1.54838e-01 | 24 -0.72271  3.83583e-02
 25 -0.83137 -5.81139e-03 | 26 -0.81935 -1.17916e-03 | 27 -0.07334  2.20586e-01
 28 -0.54307 -5.13515e-03 | 29 -0.52332 -1.24201e+00 | 30 -0.03144 -4.81592e+00
 31 -0.14208 -1.51736e+00 | 32 -0.24945  2.33513e-01 | 33 -0.05351  1.76564e-01
 34 -0.10093 -6.89417e-02 |
34 variables; iteration 60; function evaluation 73; phase 3
Function value 1.1781548e+02; maximum gradient component mag -1.7592e-01
Var    Value     Gradient |Var    Value     Gradient |Var    Value     Gradient
  1 -0.60422  4.44271e-04 |  2 -0.49995  2.00829e-02 |  3 -0.31146  1.04727e-04
  4 -0.20729  3.80463e-04 |  5 -0.03612  2.73512e-03 |  6 -0.14643 -2.30759e-04
  7 -0.01083  8.42313e-04 |  8 -0.13109  3.08576e-03 |  9  0.00891  4.34451e-03
 10 -0.06372 -6.99091e-04 | 11 -0.07356  2.36114e-03 | 12 -0.09275  5.01375e-04
 13 -0.05668  1.60994e-03 | 14 -0.00097 -3.60446e-04 | 15  0.99597 -2.76156e-04
 16  0.99905  3.49185e-04 | 17  1.00055  6.63222e-05 | 18 -0.82894 -4.95198e-05
 19 -0.80081  1.03100e-03 | 20 -0.42570  2.34032e-03 | 21 -0.73188  1.68196e-03
 22 -0.72484  1.27446e-03 | 23 -0.15372  1.92177e-03 | 24 -0.72345  7.18063e-04
 25 -0.83139  5.43743e-04 | 26 -0.81974 -1.01698e-04 | 27 -0.07325 -1.75924e-01
 28 -0.53362  4.29909e-03 | 29 -0.52328 -4.07421e-02 | 30 -0.03144 -7.99071e-02
 31 -0.14207 -1.77506e-02 | 32 -0.24947  7.92348e-03 | 33 -0.05349 -6.67066e-03
 34 -0.10111  4.28000e-03 |
Warning: the following parameters had issues
  init_F[1] is within 0.1% of upper bound: 0.00000e+00 < 9.99998e+00 < 1.00000e+01
  F_rate[1] is within 0.1% of upper bound: 0.00000e+00 < 3.99999e+00 < 4.00000e+00
  F_rate[2] is within 0.1% of upper bound: 0.00000e+00 < 4.00000e+00 < 4.00000e+00


 - final statistics:
34 variables; iteration 75; function evaluation 88
Function value 1.1782e+02; maximum gradient component mag 2.1597e-05
Exit code = 1;  converg criter 1.0000e-04
Var    Value     Gradient |Var    Value     Gradient |Var    Value     Gradient
  1 -0.60422  8.28363e-06 |  2 -0.49995  5.14326e-06 |  3 -0.31146  2.50936e-07
  4 -0.20729  1.14348e-06 |  5 -0.03612  2.29998e-06 |  6 -0.14643  6.96339e-07
  7 -0.01083  1.09108e-06 |  8 -0.13109  2.26261e-06 |  9  0.00891  2.38476e-06
 10 -0.06372  6.93168e-07 | 11 -0.07356 -1.09466e-06 | 12 -0.09275 -2.65586e-06
 13 -0.05667 -1.01066e-06 | 14 -0.00097 -3.89781e-07 | 15  0.99843 -3.21312e-08
 16  0.99837 -1.52555e-08 | 17  1.00053 -3.69677e-08 | 18 -0.82890  1.13586e-07
 19 -0.80082  4.83277e-07 | 20 -0.42567  1.32344e-07 | 21 -0.73190  1.71108e-07
 22 -0.72485  3.15980e-08 | 23 -0.15373 -4.28083e-07 | 24 -0.72344 -5.91689e-07
 25 -0.83140  2.62732e-07 | 26 -0.81974 -7.94200e-08 | 27 -0.07321 -3.78175e-06
 28 -0.53373 -5.37376e-08 | 29 -0.52328 -7.90972e-06 | 30 -0.03144 -1.71626e-05
 31 -0.14207 -1.59186e-06 | 32 -0.24947  6.92029e-06 | 33 -0.05349  2.15971e-05
 34 -0.10112  1.40128e-05 |
Estimating row 1 out of 34 for hessian
Estimating row 2 out of 34 for hessian
Estimating row 3 out of 34 for hessian
Estimating row 4 out of 34 for hessian
Estimating row 5 out of 34 for hessian
Estimating row 6 out of 34 for hessian
Estimating row 7 out of 34 for hessian
Estimating row 8 out of 34 for hessian
Estimating row 9 out of 34 for hessian
Estimating row 10 out of 34 for hessian
Estimating row 11 out of 34 for hessian
Estimating row 12 out of 34 for hessian
Estimating row 13 out of 34 for hessian
Estimating row 14 out of 34 for hessian
Estimating row 15 out of 34 for hessian
Estimating row 16 out of 34 for hessian
Estimating row 17 out of 34 for hessian
Estimating row 18 out of 34 for hessian
Estimating row 19 out of 34 for hessian
Estimating row 20 out of 34 for hessian
Estimating row 21 out of 34 for hessian
Estimating row 22 out of 34 for hessian
Estimating row 23 out of 34 for hessian
Estimating row 24 out of 34 for hessian
Estimating row 25 out of 34 for hessian
Estimating row 26 out of 34 for hessian
Estimating row 27 out of 34 for hessian
Estimating row 28 out of 34 for hessian
Estimating row 29 out of 34 for hessian
Estimating row 30 out of 34 for hessian
Estimating row 31 out of 34 for hessian
Estimating row 32 out of 34 for hessian
Estimating row 33 out of 34 for hessian
Estimating row 34 out of 34 for hessian
size of file gradfil1.tmp = 0
size of file gradfil2.tmp = 0
size of file varssave.tmp = 0
size of file cmpdiff.tmp = 0
