
Initial statistics: 13 variables; iteration 0; function evaluation 0; phase 1
Function value 1.5893604e+02; maximum gradient component mag -4.4412e+02
Var    Value     Gradient |Var    Value     Gradient |Var    Value     Gradient
  1 -0.22552 -4.44118e+02 |  2 -0.77440  5.47024e+01 |  3 -0.85735 -1.24896e+02
  4 -0.85735 -1.36358e+02 |  5 -0.85735 -1.17193e+02 |  6 -0.85735 -1.15197e+02
  7 -0.85735 -9.90993e+01 |  8 -0.85735 -9.62767e+01 |  9 -0.85735  2.91903e+01
 10 -0.85735  2.72398e+01 | 11 -0.85735 -8.66591e+01 | 12 -0.85735 -9.82874e+01
 13 -0.85735 -6.92549e+01 |

 - final statistics:
13 variables; iteration 16; function evaluation 30
Function value 1.0519e+02; maximum gradient component mag -8.7502e+00
Exit code = 1;  converg criter 1.0000e+01
Var    Value     Gradient |Var    Value     Gradient |Var    Value     Gradient
  1 -0.03370  3.59221e-01 |  2 -0.79437 -4.45838e-01 |  3 -0.81074 -4.69296e+00
  4 -0.81258 -3.77685e+00 |  5 -0.85967 -8.75022e+00 |  6 -0.85609 -5.05035e+00
  7 -0.86723 -4.96716e+00 |  8 -0.87059 -2.22022e+00 |  9 -0.92904 -6.14799e+00
 10 -0.92884 -5.28640e+00 | 11 -0.88132 -4.56310e+00 | 12 -0.87447 -3.46343e+00
 13 -0.89654 -3.50364e+00 |

 - final statistics:
13 variables; iteration 0; function evaluation 0
Function value 1.0519e+02; maximum gradient component mag -8.7502e+00
Exit code = 0;  converg criter 1.0000e+01
Var    Value     Gradient |Var    Value     Gradient |Var    Value     Gradient
  1 -0.03370  3.59221e-01 |  2 -0.79437 -4.45838e-01 |  3 -0.81074 -4.69296e+00
  4 -0.81258 -3.77685e+00 |  5 -0.85967 -8.75022e+00 |  6 -0.85609 -5.05035e+00
  7 -0.86723 -4.96716e+00 |  8 -0.87059 -2.22022e+00 |  9 -0.92904 -6.14799e+00
 10 -0.92884 -5.28640e+00 | 11 -0.88132 -4.56310e+00 | 12 -0.87447 -3.46343e+00
 13 -0.89654 -3.50364e+00 |

Initial statistics: 15 variables; iteration 0; function evaluation 0; phase 3
Function value 1.0519275e+02; maximum gradient component mag 2.9020e+01
Var    Value     Gradient |Var    Value     Gradient |Var    Value     Gradient
  1 -0.03370  3.59221e-01 |  2 -0.79437 -4.45838e-01 |  3 -0.81074 -4.69296e+00
  4 -0.81258 -3.77685e+00 |  5 -0.85967 -8.75022e+00 |  6 -0.85609 -5.05035e+00
  7 -0.86723 -4.96716e+00 |  8 -0.87059 -2.22022e+00 |  9 -0.92904 -6.14799e+00
 10 -0.92884 -5.28640e+00 | 11 -0.88132 -4.56310e+00 | 12 -0.87447 -3.46343e+00
 13 -0.89654 -3.50364e+00 | 14  0.12690  2.90200e+01 | 15  0.08986 -1.84912e+01

Intermediate statistics: 15 variables; iteration 20; function evaluation 28; phase 3
Function value 1.0276983e+02; maximum gradient component mag -2.5429e+00
Var    Value     Gradient |Var    Value     Gradient |Var    Value     Gradient
  1 -0.14005 -2.54290e+00 |  2 -0.78324  1.18957e+00 |  3 -0.72983  1.51821e-02
  4 -0.66599 -7.11117e-01 |  5 -0.75637 -4.57631e-01 |  6 -0.77239 -1.96599e-01
  7 -0.80372  2.29329e-01 |  8 -0.81147  5.87443e-02 |  9 -0.89299 -9.79598e-01
 10 -0.89405 -8.50126e-01 | 11 -0.82555 -1.71126e-01 | 12 -0.81476  5.50264e-02
 13 -0.84579 -3.79682e-01 | 14  0.07294 -1.12018e+00 | 15  0.05351  7.45868e-01

 - final statistics:
15 variables; iteration 21; function evaluation 29
Function value 1.0277e+02; maximum gradient component mag 3.2673e-01
Exit code = 1;  converg criter 1.0000e+00
Var    Value     Gradient |Var    Value     Gradient |Var    Value     Gradient
  1 -0.14129 -4.52485e-02 |  2 -0.78347  1.71362e-01 |  3 -0.72878 -1.08066e-01
  4 -0.66006 -3.18034e-01 |  5 -0.75311 -3.37079e-02 |  6 -0.77032 -5.15703e-02
  7 -0.80245  1.43866e-01 |  8 -0.81019  1.14666e-01 |  9 -0.89189  2.68322e-01
 10 -0.89312 -8.55654e-03 | 11 -0.82436 -2.18623e-02 | 12 -0.81336  3.26728e-01
 13 -0.84443  2.05631e-01 | 14  0.07678 -2.61184e-01 | 15  0.05554  2.27043e-01

 - final statistics:
15 variables; iteration 0; function evaluation 0
Function value 1.0277e+02; maximum gradient component mag 3.2673e-01
Exit code = 0;  converg criter 1.0000e+00
Var    Value     Gradient |Var    Value     Gradient |Var    Value     Gradient
  1 -0.14129 -4.52485e-02 |  2 -0.78347  1.71362e-01 |  3 -0.72878 -1.08066e-01
  4 -0.66006 -3.18034e-01 |  5 -0.75311 -3.37079e-02 |  6 -0.77032 -5.15703e-02
  7 -0.80245  1.43866e-01 |  8 -0.81019  1.14666e-01 |  9 -0.89189  2.68322e-01
 10 -0.89312 -8.55654e-03 | 11 -0.82436 -2.18623e-02 | 12 -0.81336  3.26728e-01
 13 -0.84443  2.05631e-01 | 14  0.07678 -2.61184e-01 | 15  0.05554  2.27043e-01

Initial statistics: 26 variables; iteration 0; function evaluation 0; phase 5
Function value 1.0276508e+02; maximum gradient component mag -3.0287e+02
Var    Value     Gradient |Var    Value     Gradient |Var    Value     Gradient
  1 -0.14129 -4.52485e-02 |  2  0.00000  1.52096e+02 |  3  0.00000 -9.38675e+01
  4  0.00000 -2.47830e+02 |  5  0.00000 -3.02869e+02 |  6  0.00000  4.39059e+01
  7  0.00000  2.03520e+02 |  8  0.00000  8.41021e+01 |  9  0.00000  7.88837e-01
 10  0.00000  3.58791e+01 | 11  0.00000  7.78664e+01 | 12  0.00000  8.51426e-03
 13 -0.78347  1.71362e-01 | 14 -0.72878 -1.08066e-01 | 15 -0.66006 -3.18034e-01
 16 -0.75311 -3.37079e-02 | 17 -0.77032 -5.15703e-02 | 18 -0.80245  1.43866e-01
 19 -0.81019  1.14666e-01 | 20 -0.89189  2.68322e-01 | 21 -0.89312 -8.55654e-03
 22 -0.82436 -2.18623e-02 | 23 -0.81336  3.26728e-01 | 24 -0.84443  2.05631e-01
 25  0.07678 -2.61184e-01 | 26  0.05554  2.27043e-01 |

Intermediate statistics: 26 variables; iteration 20; function evaluation 31; phase 5
Function value 6.7843407e+01; maximum gradient component mag -1.4481e+02
Var    Value     Gradient |Var    Value     Gradient |Var    Value     Gradient
  1 -0.17981 -1.77740e+01 |  2 -0.05466  5.60006e+01 |  3  0.08643 -1.16709e+01
  4  0.02742 -8.96899e+01 |  5  0.06152 -1.44812e+02 |  6 -0.05562  1.04694e+00
  7 -0.02144  8.54534e+01 |  8 -0.03801  1.91355e+01 |  9  0.02288  5.14077e+01
 10 -0.01798  1.78491e+01 | 11 -0.04833  2.20235e+01 | 12 -0.00002  7.05029e-03
 13 -0.75791  2.23401e+01 | 14 -0.69783 -1.08371e+00 | 15 -0.58682  3.39093e+00
 16 -0.70764 -8.15082e-01 | 17 -0.74144 -1.18257e+01 | 18 -0.75149  5.89478e+00
 19 -0.76080  1.19990e+01 | 20 -0.88219 -2.76182e+00 | 21 -0.87980  8.67320e+00
 22 -0.83238 -3.17312e+01 | 23 -0.77490  9.85127e+00 | 24 -0.83178 -1.37961e+01
 25  0.30530 -1.30858e+01 | 26  0.29804  3.10149e+01 |
26 variables; iteration 40; function evaluation 58; phase 5
Function value 5.8271346e+01; maximum gradient component mag -6.2274e-02
Var    Value     Gradient |Var    Value     Gradient |Var    Value     Gradient
  1 -0.19654  3.75521e-02 |  2 -0.09712  3.93336e-02 |  3  0.08029 -1.32414e-02
  4  0.05974 -3.82956e-03 |  5  0.07936 -3.57625e-02 |  6 -0.05283 -2.85336e-02
  7 -0.07485 -9.49484e-03 |  8 -0.03420 -3.64485e-03 |  9  0.00367 -2.32575e-02
 10 -0.03595  8.74899e-03 | 11 -0.07868  2.15323e-02 | 12 -0.00011 -1.07875e-04
 13 -0.77330 -2.46735e-02 | 14 -0.68543 -7.57733e-03 | 15 -0.60316 -1.55048e-02
 16 -0.69343 -7.43998e-03 | 17 -0.68870  9.64263e-03 | 18 -0.73090  3.41110e-02
 19 -0.75044 -8.54972e-03 | 20 -0.87483  4.13150e-02 | 21 -0.87857  3.96201e-02
 22 -0.79435  4.38404e-03 | 23 -0.77261  1.93594e-03 | 24 -0.80582  6.64258e-03
 25  0.12917  5.14142e-02 | 26  0.08778 -6.22742e-02 |
Warning: the following parameters had issues
  F_rate[7] is within 1% of lower bound: 0.00000e+00 < 3.84970e-02 < 4.00000e+00
  F_rate[8] is within 1% of lower bound: 0.00000e+00 < 3.62380e-02 < 4.00000e+00


 - final statistics:
26 variables; iteration 47; function evaluation 65
Function value 5.8271e+01; maximum gradient component mag -4.7163e-05
Exit code = 1;  converg criter 1.0000e-04
Var    Value     Gradient |Var    Value     Gradient |Var    Value     Gradient
  1 -0.19648 -2.93345e-05 |  2 -0.09715 -4.71627e-05 |  3  0.08032 -1.27725e-05
  4  0.05975 -5.67870e-06 |  5  0.07939 -2.42917e-05 |  6 -0.05278 -1.71199e-05
  7 -0.07483  3.66792e-05 |  8 -0.03418 -3.36335e-07 |  9  0.00371 -1.56846e-05
 10 -0.03592 -2.90237e-06 | 11 -0.07868 -1.66942e-06 | 12 -0.00011  2.72307e-07
 13 -0.77329 -2.72826e-05 | 14 -0.68546 -5.23061e-06 | 15 -0.60318  2.79961e-07
 16 -0.69350  1.52665e-06 | 17 -0.68884 -3.14525e-06 | 18 -0.73105  1.00591e-05
 19 -0.75051 -2.00688e-06 | 20 -0.87489 -1.87865e-05 | 21 -0.87863 -1.36392e-05
 22 -0.79442 -6.92160e-06 | 23 -0.77269  3.19827e-07 | 24 -0.80590  9.22564e-08
 25  0.12938  1.15670e-05 | 26  0.08819 -9.08270e-06 |
Estimating row 1 out of 26 for hessian
Estimating row 2 out of 26 for hessian
Estimating row 3 out of 26 for hessian
Estimating row 4 out of 26 for hessian
Estimating row 5 out of 26 for hessian
Estimating row 6 out of 26 for hessian
Estimating row 7 out of 26 for hessian
Estimating row 8 out of 26 for hessian
Estimating row 9 out of 26 for hessian
Estimating row 10 out of 26 for hessian
Estimating row 11 out of 26 for hessian
Estimating row 12 out of 26 for hessian
Estimating row 13 out of 26 for hessian
Estimating row 14 out of 26 for hessian
Estimating row 15 out of 26 for hessian
Estimating row 16 out of 26 for hessian
Estimating row 17 out of 26 for hessian
Estimating row 18 out of 26 for hessian
Estimating row 19 out of 26 for hessian
Estimating row 20 out of 26 for hessian
Estimating row 21 out of 26 for hessian
Estimating row 22 out of 26 for hessian
Estimating row 23 out of 26 for hessian
Estimating row 24 out of 26 for hessian
Estimating row 25 out of 26 for hessian
Estimating row 26 out of 26 for hessian
size of file gradfil1.tmp = 0
size of file gradfil2.tmp = 0
size of file varssave.tmp = 0
size of file cmpdiff.tmp = 0
