
Initial statistics: 13 variables; iteration 0; function evaluation 0; phase 1
Function value 1.0744105e+02; maximum gradient component mag 2.8779e+01
Var    Value     Gradient |Var    Value     Gradient |Var    Value     Gradient
  1 -0.22552 -9.99264e+00 |  2 -0.77440  2.87793e+01 |  3 -0.85735 -6.46729e+00
  4 -0.85735 -2.24877e+01 |  5 -0.85735 -2.73285e+01 |  6 -0.85735 -1.68134e+01
  7 -0.85735 -6.97911e-01 |  8 -0.85735  1.02291e+00 |  9 -0.85735  1.37864e+00
 10 -0.85735  7.10263e-01 | 11 -0.85735  9.74406e-01 | 12 -0.85735  2.11559e-01
 13 -0.85735 -1.55824e+00 |

 - final statistics:
13 variables; iteration 17; function evaluation 30
Function value 7.2439e+01; maximum gradient component mag 7.2210e+00
Exit code = 1;  converg criter 1.0000e+01
Var    Value     Gradient |Var    Value     Gradient |Var    Value     Gradient
  1  0.15775  7.17477e-01 |  2 -1.04327  4.76693e+00 |  3 -0.92677  6.02409e-01
  4  0.84008 -2.26265e-01 |  5 -0.86829 -2.01882e+00 |  6 -1.07670  2.86191e+00
  7 -0.94255 -2.18021e+00 |  8 -0.90888  7.22098e+00 |  9 -0.95696  3.54910e-01
 10 -0.96517 -4.56100e+00 | 11 -0.94499 -2.46106e+00 | 12 -0.94442 -2.80937e+00
 13 -0.91898  3.49470e+00 |

Initial statistics: 14 variables; iteration 0; function evaluation 0; phase 2
Function value 7.2438981e+01; maximum gradient component mag -1.8611e+02
Var    Value     Gradient |Var    Value     Gradient |Var    Value     Gradient
  1 -0.67298 -1.86113e+02 |  2  0.15775  7.17477e-01 |  3 -0.95673 -4.76693e+00
  4 -0.92677  6.02409e-01 |  5  0.84008 -2.26265e-01 |  6 -0.86829 -2.01882e+00
  7 -0.92330 -2.86191e+00 |  8 -0.94255 -2.18021e+00 |  9 -0.90888  7.22098e+00
 10 -0.95696  3.54910e-01 | 11 -0.96517 -4.56100e+00 | 12 -0.94499 -2.46106e+00
 13 -0.94442 -2.80937e+00 | 14 -0.91898  3.49470e+00 |

 - final statistics:
14 variables; iteration 17; function evaluation 26
Function value 7.1843e+01; maximum gradient component mag -8.7770e-02
Exit code = 1;  converg criter 1.0000e+01
Var    Value     Gradient |Var    Value     Gradient |Var    Value     Gradient
  1 -0.67137 -6.24904e-02 |  2  0.06309 -6.46515e-02 |  3 -0.93258  1.71977e-02
  4 -0.91527  2.63133e-03 |  5  1.00042 -5.49412e-04 |  6 -0.67250 -8.77702e-02
  7 -0.88161 -3.51037e-03 |  8 -0.92591  3.24488e-02 |  9 -0.93025 -7.08298e-02
 10 -0.94571 -4.97688e-02 | 11 -0.94457 -8.63369e-02 | 12 -0.91871  7.06550e-03
 13 -0.91555  8.66833e-03 | 14 -0.92208 -2.63765e-02 |

Initial statistics: 17 variables; iteration 0; function evaluation 0; phase 3
Function value 7.1843476e+01; maximum gradient component mag -1.8680e+02
Var    Value     Gradient |Var    Value     Gradient |Var    Value     Gradient
  1 -0.67137 -6.24904e-02 |  2 -0.41831 -1.86797e+02 |  3  0.06309 -6.46515e-02
  4 -0.93258  1.71977e-02 |  5 -0.91527  2.63133e-03 |  6  0.99958  5.49412e-04
  7 -0.67250 -8.77702e-02 |  8 -0.88161 -3.51037e-03 |  9 -0.92591  3.24488e-02
 10 -0.93025 -7.08298e-02 | 11 -0.94571 -4.97688e-02 | 12 -0.94457 -8.63369e-02
 13 -0.91871  7.06550e-03 | 14 -0.91555  8.66833e-03 | 15 -0.92208 -2.63765e-02
 16  0.12690  8.57572e+00 | 17  0.08986 -5.24623e+00 |

Intermediate statistics: 17 variables; iteration 20; function evaluation 24; phase 3
Function value 5.4892021e+01; maximum gradient component mag -1.6656e+02
Var    Value     Gradient |Var    Value     Gradient |Var    Value     Gradient
  1 -0.68122 -1.66556e+02 |  2 -0.20479 -2.14160e+01 |  3 -0.25373  4.09236e+00
  4 -0.81258 -3.40689e+00 |  5 -0.57769  2.63571e+00 |  6  0.99876  2.42740e-04
  7  1.62435  1.43584e+00 |  8 -0.60145 -8.15039e-01 |  9 -0.94498 -1.34205e+00
 10 -0.99914 -7.55195e-02 | 11 -0.84380  1.59841e+00 | 12 -0.38107 -5.71180e+00
 13 -0.84467 -8.43085e-01 | 14 -0.77221  1.21625e+00 | 15 -0.69646  7.38269e-01
 16  0.01746  1.09235e+01 | 17  0.00786 -8.05619e+00 |
17 variables; iteration 40; function evaluation 46; phase 3
Function value 4.4809494e+01; maximum gradient component mag -1.6935e+02
Var    Value     Gradient |Var    Value     Gradient |Var    Value     Gradient
  1 -0.68536 -1.69354e+02 |  2  0.19112 -1.00757e+01 |  3 -0.36468  2.13831e-01
  4 -0.59456  1.91844e+00 |  5 -0.45228 -8.13363e-01 |  6  0.93908  1.57930e-02
  7  0.58503 -2.47215e-01 |  8  0.20903  1.30897e+00 |  9 -0.67835 -7.51649e-01
 10 -1.17245 -1.03081e+00 | 11 -0.87926  1.16786e+00 | 12  0.11336  2.38171e+00
 13 -0.61812  7.27341e-01 | 14 -0.56770  7.81770e-01 | 15 -0.60822  1.90895e-01
 16 -0.17964 -6.94046e+00 | 17 -0.18762  2.53274e+00 |

 - final statistics:
17 variables; iteration 57; function evaluation 63
Function value 4.4365e+01; maximum gradient component mag -6.0739e-01
Exit code = 1;  converg criter 1.0000e+00
Var    Value     Gradient |Var    Value     Gradient |Var    Value     Gradient
  1 -0.68550 -5.48218e-01 |  2  0.23433  5.50796e-02 |  3 -0.37755 -2.20596e-02
  4 -0.61174 -3.37667e-01 |  5 -0.37171 -3.43907e-02 |  6  0.05258  1.02768e-02
  7  1.06307  4.06706e-02 |  8  0.20234  1.04619e-01 |  9 -0.57229  7.89614e-02
 10 -1.15681 -6.23417e-02 | 11 -0.88354 -1.61391e-02 | 12  0.12213  1.37656e-02
 13 -0.58929  4.48415e-02 | 14 -0.56270 -1.58149e-04 | 15 -0.64839 -3.24918e-02
 16 -0.21527 -6.07392e-01 | 17 -0.33208  3.08568e-01 |

 - final statistics:
17 variables; iteration 0; function evaluation 0
Function value 4.4365e+01; maximum gradient component mag -6.0739e-01
Exit code = 0;  converg criter 1.0000e+00
Var    Value     Gradient |Var    Value     Gradient |Var    Value     Gradient
  1 -0.68550 -5.48218e-01 |  2  0.23433  5.50796e-02 |  3 -0.37755 -2.20596e-02
  4 -0.61174 -3.37667e-01 |  5 -0.37171 -3.43907e-02 |  6  0.05258  1.02768e-02
  7  0.93693 -4.06706e-02 |  8  0.20234  1.04619e-01 |  9 -0.57229  7.89614e-02
 10 -0.84319  6.23417e-02 | 11 -0.88354 -1.61391e-02 | 12  0.12213  1.37656e-02
 13 -0.58929  4.48415e-02 | 14 -0.56270 -1.58149e-04 | 15 -0.64839 -3.24918e-02
 16 -0.21527 -6.07392e-01 | 17 -0.33208  3.08568e-01 |

Initial statistics: 28 variables; iteration 0; function evaluation 0; phase 5
Function value 4.4364762e+01; maximum gradient component mag -2.1546e+02
Var    Value     Gradient |Var    Value     Gradient |Var    Value     Gradient
  1 -0.68550 -5.48218e-01 |  2  0.23433  5.50796e-02 |  3 -0.37755 -2.20596e-02
  4  0.00000  9.36179e+01 |  5  0.00000  5.47648e+00 |  6  0.00000 -3.16126e+00
  7  0.00000 -2.15464e+02 |  8  0.00000 -4.35805e+01 |  9  0.00000 -8.16405e+01
 10  0.00000  7.46861e+01 | 11  0.00000  1.55191e+02 | 12  0.00000  9.68170e+00
 13  0.00000  3.36724e+01 | 14  0.00000  1.76973e-01 | 15 -0.61174 -3.37667e-01
 16 -0.37171 -3.43907e-02 | 17  0.05258  1.02768e-02 | 18  0.93693 -4.06706e-02
 19  0.20234  1.04619e-01 | 20 -0.57229  7.89614e-02 | 21 -0.84319  6.23417e-02
 22 -0.88354 -1.61391e-02 | 23  0.12213  1.37656e-02 | 24 -0.58929  4.48415e-02
 25 -0.56270 -1.58149e-04 | 26 -0.64839 -3.24918e-02 | 27 -0.21527 -6.07392e-01
 28 -0.33208  3.08568e-01 |

Intermediate statistics: 28 variables; iteration 20; function evaluation 35; phase 5
Function value 2.2312253e+01; maximum gradient component mag -6.0547e+02
Var    Value     Gradient |Var    Value     Gradient |Var    Value     Gradient
  1 -0.68523 -6.05469e+02 |  2  0.01017 -2.54861e+01 |  3 -0.54841 -3.39631e+00
  4  0.00199  2.99988e+01 |  5  0.01618  1.07805e+01 |  6  0.06138  4.17661e-01
  7  0.10432 -1.50622e+01 |  8  0.10158 -1.59163e+01 |  9  0.03433  9.22150e+00
 10 -0.08856  2.00035e+01 | 11  0.00088  7.67000e+00 | 12  0.00069  1.34118e+01
 13 -0.01548 -1.57727e+00 | 14 -0.04429 -5.47534e+00 | 15 -0.65694  1.63049e+01
 16 -0.49217  6.68939e+00 | 17 -0.07310 -1.98947e-02 | 18  0.89397 -4.69849e-02
 19 -0.02181 -9.25379e-01 | 20 -0.48478  4.05791e+00 | 21 -0.41044  3.66375e+00
 22 -0.76193  4.03174e+00 | 23  0.06772  8.24462e+00 | 24 -0.72564  1.31387e+00
 25 -0.74699  3.38557e-01 | 26 -0.53297 -2.16500e-01 | 27 -0.03530 -1.69459e+01
 28 -0.28511  3.47355e+00 |
28 variables; iteration 40; function evaluation 56; phase 5
Function value 1.9608720e+01; maximum gradient component mag -1.3749e-01
Var    Value     Gradient |Var    Value     Gradient |Var    Value     Gradient
  1 -0.68255 -1.37490e-01 |  2 -0.01023 -7.28742e-03 |  3 -0.41881 -2.79819e-04
  4 -0.00540 -5.69578e-03 |  5 -0.03977  7.88723e-04 |  6  0.06195  5.81821e-03
  7  0.10277 -1.37435e-02 |  8  0.10748 -1.68278e-02 |  9  0.01377 -5.02918e-03
 10 -0.11194 -2.38714e-03 | 11 -0.00183  2.27097e-02 | 12 -0.00739  2.02578e-03
 13 -0.01756  9.59969e-03 | 14 -0.00067 -1.31581e-04 | 15 -0.61485 -1.11822e-03
 16 -0.64974 -2.49002e-03 | 17 -0.12715 -2.04290e-04 | 18  0.56426  2.70506e-04
 19 -0.02364 -1.53985e-03 | 20 -0.75141  3.12566e-04 | 21 -0.14374  3.16089e-03
 22 -0.73671  5.58128e-04 | 23 -0.10637  2.80670e-03 | 24 -0.70872  4.48236e-04
 25 -0.73623  2.74862e-04 | 26 -0.60237 -1.38325e-04 | 27 -0.04383 -6.76760e-03
 28 -0.44172  2.32843e-03 |

 - final statistics:
28 variables; iteration 60; function evaluation 76
Function value 1.9609e+01; maximum gradient component mag -2.6733e-05
Exit code = 1;  converg criter 1.0000e-04
Var    Value     Gradient |Var    Value     Gradient |Var    Value     Gradient
  1 -0.68255 -2.67334e-05 |  2 -0.01019 -8.46774e-06 |  3 -0.41886  3.08783e-07
  4 -0.00541  1.71029e-05 |  5 -0.03976 -5.87020e-06 |  6  0.06198  1.05297e-05
  7  0.10276 -9.79691e-06 |  8  0.10748  9.90825e-07 |  9  0.01377  3.15208e-06
 10 -0.11195  2.72030e-06 | 11 -0.00184 -1.45790e-06 | 12 -0.00740 -4.76626e-06
 13 -0.01757  9.75230e-06 | 14 -0.00067  8.33535e-07 | 15 -0.61485  7.91743e-06
 16 -0.64953  5.03462e-06 | 17 -0.12658 -3.18800e-07 | 18  0.56128 -8.76237e-08
 19 -0.02273 -1.04315e-06 | 20 -0.75139  2.64371e-07 | 21 -0.14377  1.38209e-07
 22 -0.73658 -1.47020e-06 | 23 -0.10640 -3.87774e-07 | 24 -0.70868  9.70520e-08
 25 -0.73620  4.74278e-07 | 26 -0.60226 -6.08186e-08 | 27 -0.04798 -4.34464e-06
 28 -0.47640  5.42894e-07 |
Estimating row 1 out of 28 for hessian
Estimating row 2 out of 28 for hessian
Estimating row 3 out of 28 for hessian
Estimating row 4 out of 28 for hessian
Estimating row 5 out of 28 for hessian
Estimating row 6 out of 28 for hessian
Estimating row 7 out of 28 for hessian
Estimating row 8 out of 28 for hessian
Estimating row 9 out of 28 for hessian
Estimating row 10 out of 28 for hessian
Estimating row 11 out of 28 for hessian
Estimating row 12 out of 28 for hessian
Estimating row 13 out of 28 for hessian
Estimating row 14 out of 28 for hessian
Estimating row 15 out of 28 for hessian
Estimating row 16 out of 28 for hessian
Estimating row 17 out of 28 for hessian
Estimating row 18 out of 28 for hessian
Estimating row 19 out of 28 for hessian
Estimating row 20 out of 28 for hessian
Estimating row 21 out of 28 for hessian
Estimating row 22 out of 28 for hessian
Estimating row 23 out of 28 for hessian
Estimating row 24 out of 28 for hessian
Estimating row 25 out of 28 for hessian
Estimating row 26 out of 28 for hessian
Estimating row 27 out of 28 for hessian
Estimating row 28 out of 28 for hessian
size of file gradfil1.tmp = 0
size of file gradfil2.tmp = 0
size of file varssave.tmp = 0
size of file cmpdiff.tmp = 0
